[2026-03-08 15:32:18] [DEBUG] Retrieved visitId from SESSION: 10
[2026-03-08 15:32:23] [DEBUG] Retrieved visitId from POST: 10
[2026-03-08 15:32:23] [DEBUG] === VISIT SAVE DEBUG ===
[2026-03-08 15:32:23] [DEBUG] POST visit_id: 10
[2026-03-08 15:32:23] [DEBUG] SESSION visit_id: 10
[2026-03-08 15:32:23] [DEBUG] POST action: save
[2026-03-08 15:32:23] [INFO] >>> UPDATING existing visit ID: 10
[2026-03-08 15:32:23] [INFO] >>> Update result: SUCCESS
[2026-03-08 15:32:23] [DEBUG] Saving vital signs: Array
(
    [visit_id] => 10
    [patient_id] => 1
    [temperature] => 33
    [blood_pressure_systolic] => 102
    [blood_pressure_diastolic] => 103
    [pulse_rate] => 109
    [respiratory_rate] => 59
    [weight] => 170
    [height] => 222
    [oxygen_saturation] => 91
    [bmi] => 34.5
    [notes] => 
)

[2026-03-08 15:32:23] [INFO] Vital signs saved successfully, ID: 10
[2026-03-08 15:32:23] [DEBUG] Processing tests...
[2026-03-08 15:32:23] [DEBUG] Processing medicines...
[2026-03-08 15:32:23] [DEBUG] Retrieved visitId from URL: 10
[2026-03-08 15:35:31] [DEBUG] Retrieved visitId from SESSION: 10
[2026-03-08 15:35:31] [DEBUG] Loading existing vital signs for visit ID: 10
[2026-03-08 15:35:31] [INFO] Found existing vital signs: Array
(
    [vital_id] => 10
    [visit_id] => 10
    [patient_id] => 1
    [temperature] => 33.0
    [blood_pressure_systolic] => 102
    [blood_pressure_diastolic] => 103
    [pulse_rate] => 109
    [respiratory_rate] => 59
    [weight] => 170.00
    [height] => 222.00
    [bmi] => 34.5
    [oxygen_saturation] => 91
    [notes] => 
    [recorded_at] => 2026-03-08 15:28:41
)

[2026-03-08 15:35:31] [INFO] Loaded visit data - Symptoms: 
[2026-03-08 15:35:46] [DEBUG] Retrieved visitId from POST: 10
[2026-03-08 15:35:46] [DEBUG] === VISIT SAVE DEBUG ===
[2026-03-08 15:35:46] [DEBUG] POST visit_id: 10
[2026-03-08 15:35:46] [DEBUG] SESSION visit_id: 10
[2026-03-08 15:35:46] [DEBUG] POST action: save
[2026-03-08 15:35:46] [INFO] >>> UPDATING existing visit ID: 10
[2026-03-08 15:35:46] [INFO] >>> Update result: SUCCESS
[2026-03-08 15:35:46] [DEBUG] Saving vital signs: Array
(
    [visit_id] => 10
    [patient_id] => 1
    [temperature] => 33
    [blood_pressure_systolic] => 102
    [blood_pressure_diastolic] => 103
    [pulse_rate] => 109
    [respiratory_rate] => 59
    [weight] => 170
    [height] => 222
    [oxygen_saturation] => 91
    [bmi] => 34.5
    [notes] => 
)

[2026-03-08 15:35:46] [INFO] Vital signs saved successfully, ID: 10
[2026-03-08 15:35:46] [DEBUG] Processing tests...
[2026-03-08 15:35:46] [DEBUG] Processing medicines...
[2026-03-08 15:35:46] [DEBUG] Retrieved visitId from URL: 10
[2026-03-08 15:35:46] [DEBUG] Loading existing vital signs for visit ID: 10
[2026-03-08 15:35:46] [INFO] Found existing vital signs: Array
(
    [vital_id] => 10
    [visit_id] => 10
    [patient_id] => 1
    [temperature] => 33.0
    [blood_pressure_systolic] => 102
    [blood_pressure_diastolic] => 103
    [pulse_rate] => 109
    [respiratory_rate] => 59
    [weight] => 170.00
    [height] => 222.00
    [bmi] => 34.5
    [oxygen_saturation] => 91
    [notes] => 
    [recorded_at] => 2026-03-08 15:28:41
)

[2026-03-08 15:35:46] [INFO] Loaded visit data - Symptoms: Elit voluptas nostr
[2026-03-08 15:35:58] [DEBUG] Retrieved visitId from URL: 10
[2026-03-08 15:35:58] [DEBUG] === VISIT SAVE DEBUG ===
[2026-03-08 15:35:58] [DEBUG] POST visit_id: 10
[2026-03-08 15:35:58] [DEBUG] SESSION visit_id: 10
[2026-03-08 15:35:58] [DEBUG] POST action: save
[2026-03-08 15:35:58] [INFO] >>> UPDATING existing visit ID: 10
[2026-03-08 15:35:58] [INFO] >>> Update result: SUCCESS
[2026-03-08 15:35:58] [DEBUG] Saving vital signs: Array
(
    [visit_id] => 10
    [patient_id] => 1
    [temperature] => 33
    [blood_pressure_systolic] => 102
    [blood_pressure_diastolic] => 103
    [pulse_rate] => 109
    [respiratory_rate] => 59
    [weight] => 170
    [height] => 222
    [oxygen_saturation] => 91
    [bmi] => 34.5
    [notes] => 
)

[2026-03-08 15:35:58] [INFO] Vital signs saved successfully, ID: 10
[2026-03-08 15:35:58] [DEBUG] Processing tests...
[2026-03-08 15:35:58] [INFO] Saving 1 tests
[2026-03-08 15:35:58] [INFO] Tests saved successfully
[2026-03-08 15:35:58] [DEBUG] Processing medicines...
[2026-03-08 15:35:58] [DEBUG] Retrieved visitId from URL: 10
[2026-03-08 15:35:58] [DEBUG] Loading existing vital signs for visit ID: 10
[2026-03-08 15:35:58] [INFO] Found existing vital signs: Array
(
    [vital_id] => 10
    [visit_id] => 10
    [patient_id] => 1
    [temperature] => 33.0
    [blood_pressure_systolic] => 102
    [blood_pressure_diastolic] => 103
    [pulse_rate] => 109
    [respiratory_rate] => 59
    [weight] => 170.00
    [height] => 222.00
    [bmi] => 34.5
    [oxygen_saturation] => 91
    [notes] => 
    [recorded_at] => 2026-03-08 15:28:41
)

[2026-03-08 15:35:58] [INFO] Loaded visit data - Symptoms: Elit voluptas nostr
[2026-03-08 15:38:55] [DEBUG] Retrieved visitId from SESSION: 10
[2026-03-08 15:38:55] [DEBUG] Loading existing vital signs for visit ID: 10
[2026-03-08 15:38:55] [INFO] Found existing vital signs: Array
(
    [vital_id] => 10
    [visit_id] => 10
    [patient_id] => 1
    [temperature] => 33.0
    [blood_pressure_systolic] => 102
    [blood_pressure_diastolic] => 103
    [pulse_rate] => 109
    [respiratory_rate] => 59
    [weight] => 170.00
    [height] => 222.00
    [bmi] => 34.5
    [oxygen_saturation] => 91
    [notes] => 
    [recorded_at] => 2026-03-08 15:28:41
)

[2026-03-08 15:38:55] [INFO] Loaded visit data - Symptoms: Elit voluptas nostr
[2026-03-08 15:38:55] [INFO] Found 1 existing tests
[2026-03-08 15:39:07] [DEBUG] Retrieved visitId from SESSION: 10
[2026-03-08 15:39:07] [DEBUG] Loading existing vital signs for visit ID: 10
[2026-03-08 15:39:07] [INFO] Found existing vital signs: Array
(
    [vital_id] => 10
    [visit_id] => 10
    [patient_id] => 1
    [temperature] => 33.0
    [blood_pressure_systolic] => 102
    [blood_pressure_diastolic] => 103
    [pulse_rate] => 109
    [respiratory_rate] => 59
    [weight] => 170.00
    [height] => 222.00
    [bmi] => 34.5
    [oxygen_saturation] => 91
    [notes] => 
    [recorded_at] => 2026-03-08 15:28:41
)

[2026-03-08 15:39:07] [INFO] Loaded visit data - Symptoms: Elit voluptas nostr
[2026-03-08 15:39:07] [INFO] Found 1 existing tests
[2026-03-08 15:39:11] [DEBUG] Retrieved visitId from SESSION: 10
[2026-03-08 15:39:11] [DEBUG] Loading existing vital signs for visit ID: 10
[2026-03-08 15:39:11] [INFO] Found existing vital signs: Array
(
    [vital_id] => 10
    [visit_id] => 10
    [patient_id] => 1
    [temperature] => 33.0
    [blood_pressure_systolic] => 102
    [blood_pressure_diastolic] => 103
    [pulse_rate] => 109
    [respiratory_rate] => 59
    [weight] => 170.00
    [height] => 222.00
    [bmi] => 34.5
    [oxygen_saturation] => 91
    [notes] => 
    [recorded_at] => 2026-03-08 15:28:41
)

[2026-03-08 15:39:11] [INFO] Loaded visit data - Symptoms: Elit voluptas nostr
[2026-03-08 15:39:11] [INFO] Found 1 existing tests
[2026-03-08 15:39:16] [DEBUG] Retrieved visitId from SESSION: 10
[2026-03-08 15:39:16] [DEBUG] Loading existing vital signs for visit ID: 10
[2026-03-08 15:39:16] [INFO] Found existing vital signs: Array
(
    [vital_id] => 10
    [visit_id] => 10
    [patient_id] => 1
    [temperature] => 33.0
    [blood_pressure_systolic] => 102
    [blood_pressure_diastolic] => 103
    [pulse_rate] => 109
    [respiratory_rate] => 59
    [weight] => 170.00
    [height] => 222.00
    [bmi] => 34.5
    [oxygen_saturation] => 91
    [notes] => 
    [recorded_at] => 2026-03-08 15:28:41
)

[2026-03-08 15:39:16] [INFO] Loaded visit data - Symptoms: Elit voluptas nostr
[2026-03-08 15:39:16] [INFO] Found 1 existing tests
[2026-03-08 15:39:34] [DEBUG] Retrieved visitId from SESSION: 10
[2026-03-08 15:39:34] [DEBUG] Loading existing vital signs for visit ID: 10
[2026-03-08 15:39:34] [INFO] Found existing vital signs: Array
(
    [vital_id] => 10
    [visit_id] => 10
    [patient_id] => 1
    [temperature] => 33.0
    [blood_pressure_systolic] => 102
    [blood_pressure_diastolic] => 103
    [pulse_rate] => 109
    [respiratory_rate] => 59
    [weight] => 170.00
    [height] => 222.00
    [bmi] => 34.5
    [oxygen_saturation] => 91
    [notes] => 
    [recorded_at] => 2026-03-08 15:28:41
)

[2026-03-08 15:39:34] [INFO] Loaded visit data - Symptoms: Elit voluptas nostr
[2026-03-08 15:39:34] [INFO] Found 1 existing tests
[2026-03-08 15:40:48] [DEBUG] Retrieved visitId from POST: 10
[2026-03-08 15:40:48] [DEBUG] === VISIT SAVE DEBUG ===
[2026-03-08 15:40:48] [DEBUG] POST visit_id: 10
[2026-03-08 15:40:48] [DEBUG] SESSION visit_id: 10
[2026-03-08 15:40:48] [DEBUG] POST action: save
[2026-03-08 15:40:48] [INFO] >>> UPDATING existing visit ID: 10
[2026-03-08 15:40:48] [INFO] >>> Update result: SUCCESS
[2026-03-08 15:40:48] [DEBUG] Saving vital signs: Array
(
    [visit_id] => 10
    [patient_id] => 1
    [temperature] => 33
    [blood_pressure_systolic] => 66
    [blood_pressure_diastolic] => 133
    [pulse_rate] => 133
    [respiratory_rate] => 55
    [weight] => 333
    [height] => 133
    [oxygen_saturation] => 55
    [bmi] => 188.3
    [notes] => 
)

[2026-03-08 15:40:48] [INFO] Vital signs saved successfully, ID: 10
[2026-03-08 15:40:48] [DEBUG] Processing tests...
[2026-03-08 15:40:48] [INFO] Saving 1 tests
[2026-03-08 15:40:48] [INFO] Tests saved successfully
[2026-03-08 15:40:48] [DEBUG] Processing medicines...
[2026-03-08 15:40:48] [DEBUG] Retrieved visitId from URL: 10
[2026-03-08 15:40:48] [DEBUG] Loading existing vital signs for visit ID: 10
[2026-03-08 15:40:48] [INFO] Found existing vital signs: Array
(
    [vital_id] => 10
    [visit_id] => 10
    [patient_id] => 1
    [temperature] => 33.0
    [blood_pressure_systolic] => 66
    [blood_pressure_diastolic] => 133
    [pulse_rate] => 133
    [respiratory_rate] => 55
    [weight] => 333.00
    [height] => 133.00
    [bmi] => 188.3
    [oxygen_saturation] => 55
    [notes] => 
    [recorded_at] => 2026-03-08 15:28:41
)

[2026-03-08 15:40:48] [INFO] Loaded visit data - Symptoms: Elit voluptas nostr
[2026-03-08 15:40:48] [INFO] Found 2 existing tests
[2026-03-08 15:40:55] [DEBUG] Retrieved visitId from SESSION: 10
[2026-03-08 15:40:55] [DEBUG] Loading existing vital signs for visit ID: 10
[2026-03-08 15:40:55] [INFO] Found existing vital signs: Array
(
    [vital_id] => 10
    [visit_id] => 10
    [patient_id] => 1
    [temperature] => 33.0
    [blood_pressure_systolic] => 66
    [blood_pressure_diastolic] => 133
    [pulse_rate] => 133
    [respiratory_rate] => 55
    [weight] => 333.00
    [height] => 133.00
    [bmi] => 188.3
    [oxygen_saturation] => 55
    [notes] => 
    [recorded_at] => 2026-03-08 15:28:41
)

[2026-03-08 15:40:55] [INFO] Loaded visit data - Symptoms: Elit voluptas nostr
[2026-03-08 15:40:55] [INFO] Found 2 existing tests
[2026-03-08 15:40:58] [DEBUG] Retrieved visitId from SESSION: 10
[2026-03-08 15:40:58] [DEBUG] Loading existing vital signs for visit ID: 10
[2026-03-08 15:40:58] [INFO] Found existing vital signs: Array
(
    [vital_id] => 10
    [visit_id] => 10
    [patient_id] => 1
    [temperature] => 33.0
    [blood_pressure_systolic] => 66
    [blood_pressure_diastolic] => 133
    [pulse_rate] => 133
    [respiratory_rate] => 55
    [weight] => 333.00
    [height] => 133.00
    [bmi] => 188.3
    [oxygen_saturation] => 55
    [notes] => 
    [recorded_at] => 2026-03-08 15:28:41
)

[2026-03-08 15:40:58] [INFO] Loaded visit data - Symptoms: Elit voluptas nostr
[2026-03-08 15:40:58] [INFO] Found 2 existing tests
[2026-03-08 15:41:14] [DEBUG] Retrieved visitId from POST: 10
[2026-03-08 15:41:14] [DEBUG] === VISIT SAVE DEBUG ===
[2026-03-08 15:41:14] [DEBUG] POST visit_id: 10
[2026-03-08 15:41:14] [DEBUG] SESSION visit_id: 10
[2026-03-08 15:41:14] [DEBUG] POST action: save
[2026-03-08 15:41:14] [INFO] >>> UPDATING existing visit ID: 10
[2026-03-08 15:41:14] [INFO] >>> Update result: SUCCESS
[2026-03-08 15:41:14] [DEBUG] Saving vital signs: Array
(
    [visit_id] => 10
    [patient_id] => 2
    [temperature] => 33
    [blood_pressure_systolic] => 66
    [blood_pressure_diastolic] => 133
    [pulse_rate] => 133
    [respiratory_rate] => 55
    [weight] => 333
    [height] => 133
    [oxygen_saturation] => 55
    [bmi] => 188.3
    [notes] => 
)

[2026-03-08 15:41:14] [INFO] Vital signs saved successfully, ID: 10
[2026-03-08 15:41:14] [DEBUG] Processing tests...
[2026-03-08 15:41:14] [INFO] Saving 2 tests
[2026-03-08 15:41:14] [INFO] Tests saved successfully
[2026-03-08 15:41:14] [DEBUG] Processing medicines...
[2026-03-08 15:41:14] [DEBUG] Retrieved visitId from URL: 10
[2026-03-08 15:41:14] [DEBUG] Loading existing vital signs for visit ID: 10
[2026-03-08 15:41:14] [INFO] Found existing vital signs: Array
(
    [vital_id] => 10
    [visit_id] => 10
    [patient_id] => 1
    [temperature] => 33.0
    [blood_pressure_systolic] => 66
    [blood_pressure_diastolic] => 133
    [pulse_rate] => 133
    [respiratory_rate] => 55
    [weight] => 333.00
    [height] => 133.00
    [bmi] => 188.3
    [oxygen_saturation] => 55
    [notes] => 
    [recorded_at] => 2026-03-08 15:28:41
)

[2026-03-08 15:41:14] [INFO] Loaded visit data - Symptoms: Sohan perera
[2026-03-08 15:41:14] [INFO] Found 4 existing tests
[2026-03-08 15:41:37] [DEBUG] Retrieved visitId from URL: 10
[2026-03-08 15:41:37] [DEBUG] === VISIT SAVE DEBUG ===
[2026-03-08 15:41:37] [DEBUG] POST visit_id: 10
[2026-03-08 15:41:37] [DEBUG] SESSION visit_id: 10
[2026-03-08 15:41:37] [DEBUG] POST action: save
[2026-03-08 15:41:37] [INFO] >>> UPDATING existing visit ID: 10
[2026-03-08 15:41:37] [INFO] >>> Update result: SUCCESS
[2026-03-08 15:41:37] [DEBUG] Saving vital signs: Array
(
    [visit_id] => 10
    [patient_id] => 2
    [temperature] => 33
    [blood_pressure_systolic] => 66
    [blood_pressure_diastolic] => 133
    [pulse_rate] => 133
    [respiratory_rate] => 55
    [weight] => 333
    [height] => 133
    [oxygen_saturation] => 55
    [bmi] => 188.3
    [notes] => 
)

[2026-03-08 15:41:37] [INFO] Vital signs saved successfully, ID: 10
[2026-03-08 15:41:37] [DEBUG] Processing tests...
[2026-03-08 15:41:37] [INFO] Saving 1 tests
[2026-03-08 15:41:37] [INFO] Tests saved successfully
[2026-03-08 15:41:37] [DEBUG] Processing medicines...
[2026-03-08 15:41:37] [DEBUG] Retrieved visitId from URL: 10
[2026-03-08 15:41:37] [DEBUG] Loading existing vital signs for visit ID: 10
[2026-03-08 15:41:37] [INFO] Found existing vital signs: Array
(
    [vital_id] => 10
    [visit_id] => 10
    [patient_id] => 1
    [temperature] => 33.0
    [blood_pressure_systolic] => 66
    [blood_pressure_diastolic] => 133
    [pulse_rate] => 133
    [respiratory_rate] => 55
    [weight] => 333.00
    [height] => 133.00
    [bmi] => 188.3
    [oxygen_saturation] => 55
    [notes] => 
    [recorded_at] => 2026-03-08 15:28:41
)

[2026-03-08 15:41:37] [INFO] Loaded visit data - Symptoms: Sohan perera
[2026-03-08 15:41:37] [INFO] Found 5 existing tests
[2026-03-08 15:42:02] [DEBUG] Retrieved visitId from URL: 10
[2026-03-08 15:42:02] [DEBUG] === VISIT SAVE DEBUG ===
[2026-03-08 15:42:02] [DEBUG] POST visit_id: 10
[2026-03-08 15:42:02] [DEBUG] SESSION visit_id: 10
[2026-03-08 15:42:02] [DEBUG] POST action: save
[2026-03-08 15:42:02] [INFO] >>> UPDATING existing visit ID: 10
[2026-03-08 15:42:02] [INFO] >>> Update result: SUCCESS
[2026-03-08 15:42:02] [DEBUG] Saving vital signs: Array
(
    [visit_id] => 10
    [patient_id] => 2
    [temperature] => 33
    [blood_pressure_systolic] => 66
    [blood_pressure_diastolic] => 133
    [pulse_rate] => 133
    [respiratory_rate] => 55
    [weight] => 333
    [height] => 133
    [oxygen_saturation] => 55
    [bmi] => 188.3
    [notes] => 
)

[2026-03-08 15:42:02] [INFO] Vital signs saved successfully, ID: 10
[2026-03-08 15:42:02] [DEBUG] Processing tests...
[2026-03-08 15:42:02] [INFO] Saving 1 tests
[2026-03-08 15:42:02] [INFO] Tests saved successfully
[2026-03-08 15:42:02] [DEBUG] Processing medicines...
[2026-03-08 15:42:02] [DEBUG] Retrieved visitId from URL: 10
[2026-03-08 15:42:02] [DEBUG] Loading existing vital signs for visit ID: 10
[2026-03-08 15:42:02] [INFO] Found existing vital signs: Array
(
    [vital_id] => 10
    [visit_id] => 10
    [patient_id] => 1
    [temperature] => 33.0
    [blood_pressure_systolic] => 66
    [blood_pressure_diastolic] => 133
    [pulse_rate] => 133
    [respiratory_rate] => 55
    [weight] => 333.00
    [height] => 133.00
    [bmi] => 188.3
    [oxygen_saturation] => 55
    [notes] => 
    [recorded_at] => 2026-03-08 15:28:41
)

[2026-03-08 15:42:02] [INFO] Loaded visit data - Symptoms: Sohan perera
[2026-03-08 15:42:02] [INFO] Found 6 existing tests
[2026-03-08 15:42:13] [DEBUG] Retrieved visitId from SESSION: 10
[2026-03-08 15:42:13] [DEBUG] Loading existing vital signs for visit ID: 10
[2026-03-08 15:42:13] [INFO] Found existing vital signs: Array
(
    [vital_id] => 10
    [visit_id] => 10
    [patient_id] => 1
    [temperature] => 33.0
    [blood_pressure_systolic] => 66
    [blood_pressure_diastolic] => 133
    [pulse_rate] => 133
    [respiratory_rate] => 55
    [weight] => 333.00
    [height] => 133.00
    [bmi] => 188.3
    [oxygen_saturation] => 55
    [notes] => 
    [recorded_at] => 2026-03-08 15:28:41
)

[2026-03-08 15:42:13] [INFO] Loaded visit data - Symptoms: Sohan perera
[2026-03-08 15:42:13] [INFO] Found 6 existing tests
[2026-03-08 15:45:57] [DEBUG] Retrieved visitId from SESSION: 10
[2026-03-08 15:45:57] [DEBUG] === VISIT SAVE DEBUG ===
[2026-03-08 15:45:57] [DEBUG] POST visit_id: NONE
[2026-03-08 15:45:57] [DEBUG] SESSION visit_id: 10
[2026-03-08 15:45:57] [DEBUG] POST action: save
[2026-03-08 15:45:57] [INFO] >>> UPDATING existing visit ID: 10
[2026-03-08 15:45:57] [INFO] >>> Update result: SUCCESS
[2026-03-08 15:45:57] [DEBUG] Saving vital signs: Array
(
    [visit_id] => 10
    [patient_id] => 1
    [temperature] => 43
    [blood_pressure_systolic] => 65
    [blood_pressure_diastolic] => 89
    [pulse_rate] => 76
    [respiratory_rate] => 58
    [weight] => 16
    [height] => 170
    [oxygen_saturation] => 84
    [bmi] => 5.5
    [notes] => 
)

[2026-03-08 15:45:57] [INFO] Vital signs saved successfully, ID: 10
[2026-03-08 15:45:57] [DEBUG] Processing tests...
[2026-03-08 15:45:57] [DEBUG] Processing medicines...
[2026-03-08 15:45:57] [DEBUG] Retrieved visitId from URL: 10
[2026-03-08 15:45:57] [DEBUG] Loading existing vital signs for visit ID: 10
[2026-03-08 15:45:57] [INFO] Found existing vital signs: Array
(
    [vital_id] => 10
    [visit_id] => 10
    [patient_id] => 1
    [temperature] => 43.0
    [blood_pressure_systolic] => 65
    [blood_pressure_diastolic] => 89
    [pulse_rate] => 76
    [respiratory_rate] => 58
    [weight] => 16.00
    [height] => 170.00
    [bmi] => 5.5
    [oxygen_saturation] => 84
    [notes] => 
    [recorded_at] => 2026-03-08 15:28:41
)

[2026-03-08 15:45:57] [INFO] Loaded visit data - Symptoms: 
[2026-03-08 15:45:57] [INFO] Found 6 existing tests
[2026-03-08 15:46:12] [DEBUG] Retrieved visitId from URL: 10
[2026-03-08 15:46:12] [DEBUG] === VISIT SAVE DEBUG ===
[2026-03-08 15:46:12] [DEBUG] POST visit_id: 10
[2026-03-08 15:46:12] [DEBUG] SESSION visit_id: 10
[2026-03-08 15:46:12] [DEBUG] POST action: save
[2026-03-08 15:46:12] [INFO] >>> UPDATING existing visit ID: 10
[2026-03-08 15:46:12] [INFO] >>> Update result: SUCCESS
[2026-03-08 15:46:12] [DEBUG] Saving vital signs: Array
(
    [visit_id] => 10
    [patient_id] => 1
    [temperature] => 43
    [blood_pressure_systolic] => 65
    [blood_pressure_diastolic] => 89
    [pulse_rate] => 76
    [respiratory_rate] => 58
    [weight] => 16
    [height] => 170
    [oxygen_saturation] => 84
    [bmi] => 5.5
    [notes] => 
)

[2026-03-08 15:46:12] [INFO] Vital signs saved successfully, ID: 10
[2026-03-08 15:46:12] [DEBUG] Processing tests...
[2026-03-08 15:46:12] [DEBUG] Updating existing test ID 1
[2026-03-08 15:46:34] [DEBUG] Retrieved visitId from URL: 10
[2026-03-08 15:46:34] [DEBUG] Loading existing vital signs for visit ID: 10
[2026-03-08 15:46:34] [INFO] Found existing vital signs: Array
(
    [vital_id] => 10
    [visit_id] => 10
    [patient_id] => 1
    [temperature] => 43.0
    [blood_pressure_systolic] => 65
    [blood_pressure_diastolic] => 89
    [pulse_rate] => 76
    [respiratory_rate] => 58
    [weight] => 16.00
    [height] => 170.00
    [bmi] => 5.5
    [oxygen_saturation] => 84
    [notes] => 
    [recorded_at] => 2026-03-08 15:28:41
)

[2026-03-08 15:46:34] [INFO] Loaded visit data - Symptoms: 
[2026-03-08 15:46:34] [INFO] Found 6 existing tests
[2026-03-08 15:46:36] [DEBUG] Retrieved visitId from URL: 10
[2026-03-08 15:46:36] [DEBUG] Loading existing vital signs for visit ID: 10
[2026-03-08 15:46:36] [INFO] Found existing vital signs: Array
(
    [vital_id] => 10
    [visit_id] => 10
    [patient_id] => 1
    [temperature] => 43.0
    [blood_pressure_systolic] => 65
    [blood_pressure_diastolic] => 89
    [pulse_rate] => 76
    [respiratory_rate] => 58
    [weight] => 16.00
    [height] => 170.00
    [bmi] => 5.5
    [oxygen_saturation] => 84
    [notes] => 
    [recorded_at] => 2026-03-08 15:28:41
)

[2026-03-08 15:46:36] [INFO] Loaded visit data - Symptoms: 
[2026-03-08 15:46:36] [INFO] Found 6 existing tests
[2026-03-08 15:47:03] [DEBUG] Retrieved visitId from URL: 10
[2026-03-08 15:47:03] [DEBUG] === VISIT SAVE DEBUG ===
[2026-03-08 15:47:03] [DEBUG] POST visit_id: 10
[2026-03-08 15:47:03] [DEBUG] SESSION visit_id: 10
[2026-03-08 15:47:03] [DEBUG] POST action: save
[2026-03-08 15:47:03] [INFO] >>> UPDATING existing visit ID: 10
[2026-03-08 15:47:03] [INFO] >>> Update result: SUCCESS
[2026-03-08 15:47:03] [DEBUG] Saving vital signs: Array
(
    [visit_id] => 10
    [patient_id] => 1
    [temperature] => 43
    [blood_pressure_systolic] => 65
    [blood_pressure_diastolic] => 89
    [pulse_rate] => 76
    [respiratory_rate] => 58
    [weight] => 16
    [height] => 170
    [oxygen_saturation] => 84
    [bmi] => 5.5
    [notes] => 
)

[2026-03-08 15:47:03] [INFO] Vital signs saved successfully, ID: 10
[2026-03-08 15:47:03] [DEBUG] Processing tests...
[2026-03-08 15:47:03] [INFO] Saving 1 new tests
[2026-03-08 15:47:03] [INFO] New tests saved successfully
[2026-03-08 15:47:03] [DEBUG] Processing medicines...
[2026-03-08 15:47:03] [DEBUG] Retrieved visitId from URL: 10
[2026-03-08 15:47:03] [DEBUG] Loading existing vital signs for visit ID: 10
[2026-03-08 15:47:03] [INFO] Found existing vital signs: Array
(
    [vital_id] => 10
    [visit_id] => 10
    [patient_id] => 1
    [temperature] => 43.0
    [blood_pressure_systolic] => 65
    [blood_pressure_diastolic] => 89
    [pulse_rate] => 76
    [respiratory_rate] => 58
    [weight] => 16.00
    [height] => 170.00
    [bmi] => 5.5
    [oxygen_saturation] => 84
    [notes] => 
    [recorded_at] => 2026-03-08 15:28:41
)

[2026-03-08 15:47:03] [INFO] Loaded visit data - Symptoms: 
[2026-03-08 15:47:03] [INFO] Found 7 existing tests
[2026-03-08 15:48:07] [DEBUG] Retrieved visitId from SESSION: 10
[2026-03-08 15:48:07] [DEBUG] Loading existing vital signs for visit ID: 10
[2026-03-08 15:48:07] [INFO] Found existing vital signs: Array
(
    [vital_id] => 10
    [visit_id] => 10
    [patient_id] => 1
    [temperature] => 43.0
    [blood_pressure_systolic] => 65
    [blood_pressure_diastolic] => 89
    [pulse_rate] => 76
    [respiratory_rate] => 58
    [weight] => 16.00
    [height] => 170.00
    [bmi] => 5.5
    [oxygen_saturation] => 84
    [notes] => 
    [recorded_at] => 2026-03-08 15:28:41
)

[2026-03-08 15:48:07] [INFO] Loaded visit data - Symptoms: 
[2026-03-08 15:48:07] [INFO] Found 1 existing tests
[2026-03-08 15:48:17] [DEBUG] Retrieved visitId from POST: 10
[2026-03-08 15:48:17] [DEBUG] === VISIT SAVE DEBUG ===
[2026-03-08 15:48:17] [DEBUG] POST visit_id: 10
[2026-03-08 15:48:17] [DEBUG] SESSION visit_id: 10
[2026-03-08 15:48:17] [DEBUG] POST action: save
[2026-03-08 15:48:17] [INFO] >>> UPDATING existing visit ID: 10
[2026-03-08 15:48:17] [INFO] >>> Update result: SUCCESS
[2026-03-08 15:48:17] [DEBUG] Saving vital signs: Array
(
    [visit_id] => 10
    [patient_id] => 1
    [temperature] => 43
    [blood_pressure_systolic] => 65
    [blood_pressure_diastolic] => 89
    [pulse_rate] => 76
    [respiratory_rate] => 58
    [weight] => 16
    [height] => 170
    [oxygen_saturation] => 84
    [bmi] => 5.5
    [notes] => 
)

[2026-03-08 15:48:17] [INFO] Vital signs saved successfully, ID: 10
[2026-03-08 15:48:17] [DEBUG] Processing tests...
[2026-03-08 15:48:17] [DEBUG] Updating existing test ID 7
[2026-03-08 15:49:22] [DEBUG] Retrieved visitId from SESSION: 10
[2026-03-08 15:49:22] [DEBUG] Loading existing vital signs for visit ID: 10
[2026-03-08 15:49:22] [INFO] Found existing vital signs: Array
(
    [vital_id] => 10
    [visit_id] => 10
    [patient_id] => 1
    [temperature] => 43.0
    [blood_pressure_systolic] => 65
    [blood_pressure_diastolic] => 89
    [pulse_rate] => 76
    [respiratory_rate] => 58
    [weight] => 16.00
    [height] => 170.00
    [bmi] => 5.5
    [oxygen_saturation] => 84
    [notes] => 
    [recorded_at] => 2026-03-08 15:28:41
)

[2026-03-08 15:49:22] [INFO] Loaded visit data - Symptoms: 
[2026-03-08 15:49:22] [INFO] Found 1 existing tests
[2026-03-08 15:49:28] [DEBUG] Retrieved visitId from SESSION: 10
[2026-03-08 15:49:28] [DEBUG] Loading existing vital signs for visit ID: 10
[2026-03-08 15:49:28] [INFO] Found existing vital signs: Array
(
    [vital_id] => 10
    [visit_id] => 10
    [patient_id] => 1
    [temperature] => 43.0
    [blood_pressure_systolic] => 65
    [blood_pressure_diastolic] => 89
    [pulse_rate] => 76
    [respiratory_rate] => 58
    [weight] => 16.00
    [height] => 170.00
    [bmi] => 5.5
    [oxygen_saturation] => 84
    [notes] => 
    [recorded_at] => 2026-03-08 15:28:41
)

[2026-03-08 15:49:28] [INFO] Loaded visit data - Symptoms: 
[2026-03-08 15:49:28] [INFO] Found 1 existing tests
[2026-03-08 15:49:37] [DEBUG] Retrieved visitId from POST: 10
[2026-03-08 15:49:37] [DEBUG] === VISIT SAVE DEBUG ===
[2026-03-08 15:49:37] [DEBUG] POST visit_id: 10
[2026-03-08 15:49:37] [DEBUG] SESSION visit_id: 10
[2026-03-08 15:49:37] [DEBUG] POST action: save
[2026-03-08 15:49:37] [INFO] >>> UPDATING existing visit ID: 10
[2026-03-08 15:49:37] [INFO] >>> Update result: SUCCESS
[2026-03-08 15:49:37] [DEBUG] Saving vital signs: Array
(
    [visit_id] => 10
    [patient_id] => 1
    [temperature] => 43
    [blood_pressure_systolic] => 65
    [blood_pressure_diastolic] => 89
    [pulse_rate] => 76
    [respiratory_rate] => 58
    [weight] => 16
    [height] => 170
    [oxygen_saturation] => 84
    [bmi] => 5.5
    [notes] => 
)

[2026-03-08 15:49:37] [INFO] Vital signs saved successfully, ID: 10
[2026-03-08 15:49:37] [DEBUG] Processing tests...
[2026-03-08 15:49:37] [DEBUG] Updating existing test ID 7
[2026-03-08 15:49:41] [DEBUG] Retrieved visitId from SESSION: 10
[2026-03-08 15:49:41] [DEBUG] Loading existing vital signs for visit ID: 10
[2026-03-08 15:49:41] [INFO] Found existing vital signs: Array
(
    [vital_id] => 10
    [visit_id] => 10
    [patient_id] => 1
    [temperature] => 43.0
    [blood_pressure_systolic] => 65
    [blood_pressure_diastolic] => 89
    [pulse_rate] => 76
    [respiratory_rate] => 58
    [weight] => 16.00
    [height] => 170.00
    [bmi] => 5.5
    [oxygen_saturation] => 84
    [notes] => 
    [recorded_at] => 2026-03-08 15:28:41
)

[2026-03-08 15:49:41] [INFO] Loaded visit data - Symptoms: 
[2026-03-08 15:49:41] [INFO] Found 1 existing tests
[2026-03-08 15:49:59] [DEBUG] Retrieved visitId from SESSION: 10
[2026-03-08 15:49:59] [INFO] Visit ID 10 does not belong to patient 2 - clearing
[2026-03-08 15:49:59] [DEBUG] === VISIT SAVE DEBUG ===
[2026-03-08 15:49:59] [DEBUG] POST visit_id: NONE
[2026-03-08 15:49:59] [DEBUG] SESSION visit_id: NONE
[2026-03-08 15:49:59] [DEBUG] POST action: save
[2026-03-08 15:49:59] [INFO] >>> CREATING new visit (no visitId found)
[2026-03-08 15:49:59] [INFO] >>> Generated visit code: VIS202603080002
[2026-03-08 15:49:59] [INFO] >>> New visit created with ID: 11
[2026-03-08 15:49:59] [DEBUG] Saving vital signs: Array
(
    [visit_id] => 11
    [patient_id] => 2
    [temperature] => 38
    [blood_pressure_systolic] => 86
    [blood_pressure_diastolic] => 150
    [pulse_rate] => 71
    [respiratory_rate] => 33
    [weight] => 164
    [height] => 197
    [oxygen_saturation] => 64
    [bmi] => 42.3
    [notes] => 
)

[2026-03-08 15:49:59] [INFO] Vital signs saved successfully, ID: 11
[2026-03-08 15:49:59] [DEBUG] Processing tests...
[2026-03-08 15:49:59] [DEBUG] Processing medicines...
[2026-03-08 15:49:59] [DEBUG] Retrieved visitId from URL: 11
[2026-03-08 15:49:59] [DEBUG] Loading existing vital signs for visit ID: 11
[2026-03-08 15:49:59] [INFO] Found existing vital signs: Array
(
    [vital_id] => 11
    [visit_id] => 11
    [patient_id] => 2
    [temperature] => 38.0
    [blood_pressure_systolic] => 86
    [blood_pressure_diastolic] => 150
    [pulse_rate] => 71
    [respiratory_rate] => 33
    [weight] => 164.00
    [height] => 197.00
    [bmi] => 42.3
    [oxygen_saturation] => 64
    [notes] => 
    [recorded_at] => 2026-03-08 15:49:59
)

[2026-03-08 15:49:59] [INFO] Loaded visit data - Symptoms: 
[2026-03-08 15:49:59] [INFO] Found 0 existing tests
[2026-03-08 15:50:10] [DEBUG] Retrieved visitId from URL: 11
[2026-03-08 15:50:10] [DEBUG] === VISIT SAVE DEBUG ===
[2026-03-08 15:50:10] [DEBUG] POST visit_id: 11
[2026-03-08 15:50:10] [DEBUG] SESSION visit_id: 11
[2026-03-08 15:50:10] [DEBUG] POST action: save
[2026-03-08 15:50:10] [INFO] >>> UPDATING existing visit ID: 11
[2026-03-08 15:50:10] [INFO] >>> Update result: SUCCESS
[2026-03-08 15:50:10] [DEBUG] Saving vital signs: Array
(
    [visit_id] => 11
    [patient_id] => 2
    [temperature] => 38
    [blood_pressure_systolic] => 86
    [blood_pressure_diastolic] => 150
    [pulse_rate] => 71
    [respiratory_rate] => 33
    [weight] => 164
    [height] => 197
    [oxygen_saturation] => 64
    [bmi] => 42.3
    [notes] => 
)

[2026-03-08 15:50:10] [INFO] Vital signs saved successfully, ID: 11
[2026-03-08 15:50:10] [DEBUG] Processing tests...
[2026-03-08 15:50:10] [DEBUG] Processing medicines...
[2026-03-08 15:50:10] [DEBUG] Retrieved visitId from URL: 11
[2026-03-08 15:50:10] [DEBUG] Loading existing vital signs for visit ID: 11
[2026-03-08 15:50:10] [INFO] Found existing vital signs: Array
(
    [vital_id] => 11
    [visit_id] => 11
    [patient_id] => 2
    [temperature] => 38.0
    [blood_pressure_systolic] => 86
    [blood_pressure_diastolic] => 150
    [pulse_rate] => 71
    [respiratory_rate] => 33
    [weight] => 164.00
    [height] => 197.00
    [bmi] => 42.3
    [oxygen_saturation] => 64
    [notes] => 
    [recorded_at] => 2026-03-08 15:49:59
)

[2026-03-08 15:50:10] [INFO] Loaded visit data - Symptoms: Sohan perera
[2026-03-08 15:50:10] [INFO] Found 0 existing tests
[2026-03-08 15:50:24] [DEBUG] Retrieved visitId from URL: 11
[2026-03-08 15:50:24] [DEBUG] === VISIT SAVE DEBUG ===
[2026-03-08 15:50:24] [DEBUG] POST visit_id: 11
[2026-03-08 15:50:24] [DEBUG] SESSION visit_id: 11
[2026-03-08 15:50:24] [DEBUG] POST action: save
[2026-03-08 15:50:24] [INFO] >>> UPDATING existing visit ID: 11
[2026-03-08 15:50:24] [INFO] >>> Update result: SUCCESS
[2026-03-08 15:50:24] [DEBUG] Saving vital signs: Array
(
    [visit_id] => 11
    [patient_id] => 2
    [temperature] => 38
    [blood_pressure_systolic] => 86
    [blood_pressure_diastolic] => 150
    [pulse_rate] => 71
    [respiratory_rate] => 33
    [weight] => 164
    [height] => 197
    [oxygen_saturation] => 64
    [bmi] => 42.3
    [notes] => 
)

[2026-03-08 15:50:24] [INFO] Vital signs saved successfully, ID: 11
[2026-03-08 15:50:24] [DEBUG] Processing tests...
[2026-03-08 15:50:24] [INFO] Saving 1 new tests
[2026-03-08 15:50:24] [INFO] New tests saved successfully
[2026-03-08 15:50:24] [DEBUG] Processing medicines...
[2026-03-08 15:50:24] [DEBUG] Retrieved visitId from URL: 11
[2026-03-08 15:50:24] [DEBUG] Loading existing vital signs for visit ID: 11
[2026-03-08 15:50:24] [INFO] Found existing vital signs: Array
(
    [vital_id] => 11
    [visit_id] => 11
    [patient_id] => 2
    [temperature] => 38.0
    [blood_pressure_systolic] => 86
    [blood_pressure_diastolic] => 150
    [pulse_rate] => 71
    [respiratory_rate] => 33
    [weight] => 164.00
    [height] => 197.00
    [bmi] => 42.3
    [oxygen_saturation] => 64
    [notes] => 
    [recorded_at] => 2026-03-08 15:49:59
)

[2026-03-08 15:50:24] [INFO] Loaded visit data - Symptoms: Sohan perera
[2026-03-08 15:50:24] [INFO] Found 1 existing tests
[2026-03-08 15:50:47] [DEBUG] Retrieved visitId from URL: 11
[2026-03-08 15:50:47] [DEBUG] === VISIT SAVE DEBUG ===
[2026-03-08 15:50:47] [DEBUG] POST visit_id: 11
[2026-03-08 15:50:47] [DEBUG] SESSION visit_id: 11
[2026-03-08 15:50:47] [DEBUG] POST action: save
[2026-03-08 15:50:47] [INFO] >>> UPDATING existing visit ID: 11
[2026-03-08 15:50:47] [INFO] >>> Update result: SUCCESS
[2026-03-08 15:50:47] [DEBUG] Saving vital signs: Array
(
    [visit_id] => 11
    [patient_id] => 2
    [temperature] => 38
    [blood_pressure_systolic] => 86
    [blood_pressure_diastolic] => 150
    [pulse_rate] => 71
    [respiratory_rate] => 33
    [weight] => 164
    [height] => 197
    [oxygen_saturation] => 64
    [bmi] => 42.3
    [notes] => 
)

[2026-03-08 15:50:47] [INFO] Vital signs saved successfully, ID: 11
[2026-03-08 15:50:47] [DEBUG] Processing tests...
[2026-03-08 15:50:47] [DEBUG] Updating existing test ID 8
[2026-03-08 15:50:57] [DEBUG] Retrieved visitId from URL: 11
[2026-03-08 15:50:57] [DEBUG] Loading existing vital signs for visit ID: 11
[2026-03-08 15:50:57] [INFO] Found existing vital signs: Array
(
    [vital_id] => 11
    [visit_id] => 11
    [patient_id] => 2
    [temperature] => 38.0
    [blood_pressure_systolic] => 86
    [blood_pressure_diastolic] => 150
    [pulse_rate] => 71
    [respiratory_rate] => 33
    [weight] => 164.00
    [height] => 197.00
    [bmi] => 42.3
    [oxygen_saturation] => 64
    [notes] => 
    [recorded_at] => 2026-03-08 15:49:59
)

[2026-03-08 15:50:57] [INFO] Loaded visit data - Symptoms: Sohan perera
[2026-03-08 15:50:57] [INFO] Found 1 existing tests
[2026-03-08 15:51:05] [DEBUG] Retrieved visitId from URL: 11
[2026-03-08 15:51:05] [DEBUG] === VISIT SAVE DEBUG ===
[2026-03-08 15:51:05] [DEBUG] POST visit_id: 11
[2026-03-08 15:51:05] [DEBUG] SESSION visit_id: 11
[2026-03-08 15:51:05] [DEBUG] POST action: save
[2026-03-08 15:51:05] [INFO] >>> UPDATING existing visit ID: 11
[2026-03-08 15:51:05] [INFO] >>> Update result: SUCCESS
[2026-03-08 15:51:05] [DEBUG] Saving vital signs: Array
(
    [visit_id] => 11
    [patient_id] => 2
    [temperature] => 38
    [blood_pressure_systolic] => 86
    [blood_pressure_diastolic] => 150
    [pulse_rate] => 71
    [respiratory_rate] => 33
    [weight] => 164
    [height] => 197
    [oxygen_saturation] => 64
    [bmi] => 42.3
    [notes] => 
)

[2026-03-08 15:51:05] [INFO] Vital signs saved successfully, ID: 11
[2026-03-08 15:51:05] [DEBUG] Processing tests...
[2026-03-08 15:51:05] [DEBUG] Updating existing test ID 8
[2026-03-08 15:51:07] [DEBUG] Retrieved visitId from URL: 11
[2026-03-08 15:51:07] [DEBUG] Loading existing vital signs for visit ID: 11
[2026-03-08 15:51:07] [INFO] Found existing vital signs: Array
(
    [vital_id] => 11
    [visit_id] => 11
    [patient_id] => 2
    [temperature] => 38.0
    [blood_pressure_systolic] => 86
    [blood_pressure_diastolic] => 150
    [pulse_rate] => 71
    [respiratory_rate] => 33
    [weight] => 164.00
    [height] => 197.00
    [bmi] => 42.3
    [oxygen_saturation] => 64
    [notes] => 
    [recorded_at] => 2026-03-08 15:49:59
)

[2026-03-08 15:51:07] [INFO] Loaded visit data - Symptoms: Sohan perera
[2026-03-08 15:51:07] [INFO] Found 1 existing tests
[2026-03-08 15:51:31] [DEBUG] Retrieved visitId from SESSION: 11
[2026-03-08 15:51:31] [INFO] Visit ID 11 does not belong to patient 1 - clearing
[2026-03-08 15:51:31] [DEBUG] === VISIT SAVE DEBUG ===
[2026-03-08 15:51:31] [DEBUG] POST visit_id: NONE
[2026-03-08 15:51:31] [DEBUG] SESSION visit_id: NONE
[2026-03-08 15:51:31] [DEBUG] POST action: save
[2026-03-08 15:51:31] [INFO] >>> CREATING new visit (no visitId found)
[2026-03-08 15:51:31] [INFO] >>> Generated visit code: VIS202603080003
[2026-03-08 15:51:31] [INFO] >>> New visit created with ID: 12
[2026-03-08 15:51:31] [DEBUG] Saving vital signs: Array
(
    [visit_id] => 12
    [patient_id] => 1
    [temperature] => 
    [blood_pressure_systolic] => 
    [blood_pressure_diastolic] => 
    [pulse_rate] => 
    [respiratory_rate] => 
    [weight] => 76
    [height] => 156
    [oxygen_saturation] => 
    [bmi] => 31.2
    [notes] => 
)

[2026-03-08 15:51:31] [INFO] Vital signs saved successfully, ID: 12
[2026-03-08 15:51:31] [DEBUG] Processing tests...
[2026-03-08 15:51:31] [DEBUG] Processing medicines...
[2026-03-08 15:51:31] [DEBUG] Retrieved visitId from URL: 12
[2026-03-08 15:51:31] [DEBUG] Loading existing vital signs for visit ID: 12
[2026-03-08 15:51:31] [INFO] Found existing vital signs: Array
(
    [vital_id] => 12
    [visit_id] => 12
    [patient_id] => 1
    [temperature] => 
    [blood_pressure_systolic] => 
    [blood_pressure_diastolic] => 
    [pulse_rate] => 
    [respiratory_rate] => 
    [weight] => 76.00
    [height] => 156.00
    [bmi] => 31.2
    [oxygen_saturation] => 
    [notes] => 
    [recorded_at] => 2026-03-08 15:51:31
)

[2026-03-08 15:51:31] [INFO] Loaded visit data - Symptoms: Suranga Sampath
[2026-03-08 15:51:31] [INFO] Found 0 existing tests
[2026-03-08 15:51:38] [DEBUG] Retrieved visitId from URL: 12
[2026-03-08 15:51:38] [DEBUG] === VISIT SAVE DEBUG ===
[2026-03-08 15:51:38] [DEBUG] POST visit_id: 12
[2026-03-08 15:51:38] [DEBUG] SESSION visit_id: 12
[2026-03-08 15:51:38] [DEBUG] POST action: save
[2026-03-08 15:51:38] [INFO] >>> UPDATING existing visit ID: 12
[2026-03-08 15:51:38] [INFO] >>> Update result: SUCCESS
[2026-03-08 15:51:38] [DEBUG] Saving vital signs: Array
(
    [visit_id] => 12
    [patient_id] => 1
    [temperature] => 45
    [blood_pressure_systolic] => 131
    [blood_pressure_diastolic] => 123
    [pulse_rate] => 119
    [respiratory_rate] => 32
    [weight] => 451
    [height] => 57
    [oxygen_saturation] => 84
    [bmi] => 1388.1
    [notes] => 
)

[2026-03-08 15:51:38] [INFO] Vital signs saved successfully, ID: 12
[2026-03-08 15:51:38] [DEBUG] Processing tests...
[2026-03-08 15:51:38] [DEBUG] Processing medicines...
[2026-03-08 15:51:38] [DEBUG] Retrieved visitId from URL: 12
[2026-03-08 15:51:38] [DEBUG] Loading existing vital signs for visit ID: 12
[2026-03-08 15:51:38] [INFO] Found existing vital signs: Array
(
    [vital_id] => 12
    [visit_id] => 12
    [patient_id] => 1
    [temperature] => 45.0
    [blood_pressure_systolic] => 131
    [blood_pressure_diastolic] => 123
    [pulse_rate] => 119
    [respiratory_rate] => 32
    [weight] => 451.00
    [height] => 57.00
    [bmi] => 999.9
    [oxygen_saturation] => 84
    [notes] => 
    [recorded_at] => 2026-03-08 15:51:31
)

[2026-03-08 15:51:38] [INFO] Loaded visit data - Symptoms: Suranga Sampath
[2026-03-08 15:51:38] [INFO] Found 0 existing tests
[2026-03-08 15:58:08] [DEBUG] Retrieved visitId from SESSION: 12
[2026-03-08 15:58:08] [DEBUG] Loading existing vital signs for visit ID: 12
[2026-03-08 15:58:08] [INFO] Found existing vital signs: Array
(
    [vital_id] => 12
    [visit_id] => 12
    [patient_id] => 1
    [temperature] => 45.0
    [blood_pressure_systolic] => 131
    [blood_pressure_diastolic] => 123
    [pulse_rate] => 119
    [respiratory_rate] => 32
    [weight] => 451.00
    [height] => 57.00
    [bmi] => 999.9
    [oxygen_saturation] => 84
    [notes] => 
    [recorded_at] => 2026-03-08 15:51:31
)

[2026-03-08 15:58:08] [INFO] Loaded visit data - Symptoms: Suranga Sampath
[2026-03-08 15:58:08] [INFO] Found 0 existing tests
[2026-03-08 15:58:12] [DEBUG] Retrieved visitId from SESSION: 12
[2026-03-08 15:58:12] [DEBUG] Loading existing vital signs for visit ID: 12
[2026-03-08 15:58:12] [INFO] Found existing vital signs: Array
(
    [vital_id] => 12
    [visit_id] => 12
    [patient_id] => 1
    [temperature] => 45.0
    [blood_pressure_systolic] => 131
    [blood_pressure_diastolic] => 123
    [pulse_rate] => 119
    [respiratory_rate] => 32
    [weight] => 451.00
    [height] => 57.00
    [bmi] => 999.9
    [oxygen_saturation] => 84
    [notes] => 
    [recorded_at] => 2026-03-08 15:51:31
)

[2026-03-08 15:58:12] [INFO] Loaded visit data - Symptoms: Suranga Sampath
[2026-03-08 15:58:12] [INFO] Found 0 existing tests
[2026-03-08 15:58:40] [DEBUG] Retrieved visitId from SESSION: 12
[2026-03-08 15:58:40] [DEBUG] Loading existing vital signs for visit ID: 12
[2026-03-08 15:58:40] [INFO] Found existing vital signs: Array
(
    [vital_id] => 12
    [visit_id] => 12
    [patient_id] => 1
    [temperature] => 45.0
    [blood_pressure_systolic] => 131
    [blood_pressure_diastolic] => 123
    [pulse_rate] => 119
    [respiratory_rate] => 32
    [weight] => 451.00
    [height] => 57.00
    [bmi] => 999.9
    [oxygen_saturation] => 84
    [notes] => 
    [recorded_at] => 2026-03-08 15:51:31
)

[2026-03-08 15:58:40] [INFO] Loaded visit data - Symptoms: Suranga Sampath
[2026-03-08 15:58:40] [INFO] Found 0 existing tests
[2026-03-08 15:58:42] [DEBUG] Retrieved visitId from SESSION: 12
[2026-03-08 15:58:42] [DEBUG] Loading existing vital signs for visit ID: 12
[2026-03-08 15:58:42] [INFO] Found existing vital signs: Array
(
    [vital_id] => 12
    [visit_id] => 12
    [patient_id] => 1
    [temperature] => 45.0
    [blood_pressure_systolic] => 131
    [blood_pressure_diastolic] => 123
    [pulse_rate] => 119
    [respiratory_rate] => 32
    [weight] => 451.00
    [height] => 57.00
    [bmi] => 999.9
    [oxygen_saturation] => 84
    [notes] => 
    [recorded_at] => 2026-03-08 15:51:31
)

[2026-03-08 15:58:42] [INFO] Loaded visit data - Symptoms: Suranga Sampath
[2026-03-08 15:58:42] [INFO] Found 0 existing tests
[2026-03-08 16:06:21] [DEBUG] Retrieved visitId from SESSION: 12
[2026-03-08 16:06:21] [DEBUG] Loading existing vital signs for visit ID: 12
[2026-03-08 16:06:21] [INFO] Found existing vital signs: Array
(
    [vital_id] => 12
    [visit_id] => 12
    [patient_id] => 1
    [temperature] => 45.0
    [blood_pressure_systolic] => 131
    [blood_pressure_diastolic] => 123
    [pulse_rate] => 119
    [respiratory_rate] => 32
    [weight] => 451.00
    [height] => 57.00
    [bmi] => 999.9
    [oxygen_saturation] => 84
    [notes] => 
    [recorded_at] => 2026-03-08 15:51:31
)

[2026-03-08 16:06:21] [INFO] Loaded visit data - Symptoms: Suranga Sampath
[2026-03-08 16:06:21] [INFO] Found 0 existing tests
[2026-03-08 16:08:29] [DEBUG] Retrieved visitId from SESSION: 12
[2026-03-08 16:08:29] [DEBUG] Loading existing vital signs for visit ID: 12
[2026-03-08 16:08:29] [INFO] Found existing vital signs: Array
(
    [vital_id] => 12
    [visit_id] => 12
    [patient_id] => 1
    [temperature] => 45.0
    [blood_pressure_systolic] => 131
    [blood_pressure_diastolic] => 123
    [pulse_rate] => 119
    [respiratory_rate] => 32
    [weight] => 451.00
    [height] => 57.00
    [bmi] => 999.9
    [oxygen_saturation] => 84
    [notes] => 
    [recorded_at] => 2026-03-08 15:51:31
)

[2026-03-08 16:08:29] [INFO] Loaded visit data - Symptoms: Suranga Sampath
[2026-03-08 16:08:29] [INFO] Found 0 existing tests
[2026-03-08 16:09:13] [DEBUG] Retrieved visitId from SESSION: 12
[2026-03-08 16:09:13] [INFO] Visit ID 12 does not belong to patient 1 - clearing
[2026-03-08 16:09:13] [DEBUG] No visitId found - checking for existing In Progress visit for patient 1
[2026-03-08 16:09:27] [DEBUG] No visitId found - checking for existing In Progress visit for patient 1
[2026-03-08 16:09:27] [DEBUG] === VISIT SAVE DEBUG ===
[2026-03-08 16:09:27] [DEBUG] POST visit_id: NONE
[2026-03-08 16:09:27] [DEBUG] SESSION visit_id: NONE
[2026-03-08 16:09:27] [DEBUG] POST action: save
[2026-03-08 16:09:27] [INFO] >>> CREATING new visit (no visitId found)
[2026-03-08 16:09:27] [INFO] >>> Generated visit code: VIS202603080001
[2026-03-08 16:09:27] [INFO] >>> New visit created with ID: 13
[2026-03-08 16:09:27] [DEBUG] Saving vital signs: Array
(
    [visit_id] => 13
    [patient_id] => 1
    [temperature] => 45
    [blood_pressure_systolic] => 92
    [blood_pressure_diastolic] => 67
    [pulse_rate] => 178
    [respiratory_rate] => 16
    [weight] => 232
    [height] => 160
    [oxygen_saturation] => 96
    [bmi] => 90.6
    [notes] => 
)

[2026-03-08 16:09:27] [INFO] Vital signs saved successfully, ID: 13
[2026-03-08 16:09:27] [DEBUG] Processing tests...
[2026-03-08 16:09:27] [DEBUG] Processing medicines...
[2026-03-08 16:09:27] [DEBUG] Retrieved visitId from URL: 13
[2026-03-08 16:09:27] [DEBUG] Loading existing vital signs for visit ID: 13
[2026-03-08 16:09:27] [INFO] Found existing vital signs: Array
(
    [vital_id] => 13
    [visit_id] => 13
    [patient_id] => 1
    [temperature] => 45.0
    [blood_pressure_systolic] => 92
    [blood_pressure_diastolic] => 67
    [pulse_rate] => 178
    [respiratory_rate] => 16
    [weight] => 232.00
    [height] => 160.00
    [bmi] => 90.6
    [oxygen_saturation] => 96
    [notes] => 
    [recorded_at] => 2026-03-08 16:09:27
)

[2026-03-08 16:09:27] [INFO] Loaded visit data - Symptoms: Suranga Sampath
[2026-03-08 16:09:27] [INFO] Found 0 existing tests
[2026-03-08 16:09:34] [DEBUG] No visitId found - checking for existing In Progress visit for patient 2
[2026-03-08 16:09:48] [DEBUG] Retrieved visitId from SESSION: 13
[2026-03-08 16:09:48] [INFO] Visit ID 13 does not belong to patient 2 - clearing
[2026-03-08 16:09:48] [DEBUG] No visitId found - checking for existing In Progress visit for patient 2
[2026-03-08 16:09:48] [DEBUG] === VISIT SAVE DEBUG ===
[2026-03-08 16:09:48] [DEBUG] POST visit_id: NONE
[2026-03-08 16:09:48] [DEBUG] SESSION visit_id: NONE
[2026-03-08 16:09:48] [DEBUG] POST action: save
[2026-03-08 16:09:48] [INFO] >>> CREATING new visit (no visitId found)
[2026-03-08 16:09:48] [INFO] >>> Generated visit code: VIS202603080002
[2026-03-08 16:09:48] [INFO] >>> New visit created with ID: 14
[2026-03-08 16:09:48] [DEBUG] Saving vital signs: Array
(
    [visit_id] => 14
    [patient_id] => 2
    [temperature] => 37
    [blood_pressure_systolic] => 241
    [blood_pressure_diastolic] => 41
    [pulse_rate] => 195
    [respiratory_rate] => 16
    [weight] => 438
    [height] => 201
    [oxygen_saturation] => 89
    [bmi] => 108.4
    [notes] => 
)

[2026-03-08 16:09:48] [INFO] Vital signs saved successfully, ID: 14
[2026-03-08 16:09:48] [DEBUG] Processing tests...
[2026-03-08 16:09:48] [DEBUG] Processing medicines...
[2026-03-08 16:09:48] [DEBUG] Retrieved visitId from URL: 14
[2026-03-08 16:09:48] [DEBUG] Loading existing vital signs for visit ID: 14
[2026-03-08 16:09:48] [INFO] Found existing vital signs: Array
(
    [vital_id] => 14
    [visit_id] => 14
    [patient_id] => 2
    [temperature] => 37.0
    [blood_pressure_systolic] => 241
    [blood_pressure_diastolic] => 41
    [pulse_rate] => 195
    [respiratory_rate] => 16
    [weight] => 438.00
    [height] => 201.00
    [bmi] => 108.4
    [oxygen_saturation] => 89
    [notes] => 
    [recorded_at] => 2026-03-08 16:09:48
)

[2026-03-08 16:09:48] [INFO] Loaded visit data - Symptoms: Sohan perera
[2026-03-08 16:09:48] [INFO] Found 0 existing tests
[2026-03-08 16:09:52] [DEBUG] No visitId found - checking for existing In Progress visit for patient 1
[2026-03-08 16:09:52] [INFO] Found existing In Progress visit: 13
[2026-03-08 16:09:52] [DEBUG] Loading existing vital signs for visit ID: 13
[2026-03-08 16:09:52] [INFO] Found existing vital signs: Array
(
    [vital_id] => 13
    [visit_id] => 13
    [patient_id] => 1
    [temperature] => 45.0
    [blood_pressure_systolic] => 92
    [blood_pressure_diastolic] => 67
    [pulse_rate] => 178
    [respiratory_rate] => 16
    [weight] => 232.00
    [height] => 160.00
    [bmi] => 90.6
    [oxygen_saturation] => 96
    [notes] => 
    [recorded_at] => 2026-03-08 16:09:27
)

[2026-03-08 16:09:52] [INFO] Loaded visit data - Symptoms: Suranga Sampath
[2026-03-08 16:09:52] [INFO] Found 0 existing tests
[2026-03-08 16:13:31] [DEBUG] Retrieved visitId from SESSION: 13
[2026-03-08 16:13:31] [DEBUG] Loading existing vital signs for visit ID: 13
[2026-03-08 16:13:31] [INFO] Found existing vital signs: Array
(
    [vital_id] => 13
    [visit_id] => 13
    [patient_id] => 1
    [temperature] => 45.0
    [blood_pressure_systolic] => 92
    [blood_pressure_diastolic] => 67
    [pulse_rate] => 178
    [respiratory_rate] => 16
    [weight] => 232.00
    [height] => 160.00
    [bmi] => 90.6
    [oxygen_saturation] => 96
    [notes] => 
    [recorded_at] => 2026-03-08 16:09:27
)

[2026-03-08 16:13:31] [INFO] Loaded visit data - Symptoms: Suranga Sampath
[2026-03-08 16:13:31] [INFO] Found 0 existing tests
[2026-03-08 16:14:01] [DEBUG] Retrieved visitId from POST: 13
[2026-03-08 16:14:01] [DEBUG] === VISIT SAVE DEBUG ===
[2026-03-08 16:14:01] [DEBUG] POST visit_id: 13
[2026-03-08 16:14:01] [DEBUG] SESSION visit_id: 13
[2026-03-08 16:14:01] [DEBUG] POST action: save
[2026-03-08 16:14:01] [INFO] >>> UPDATING existing visit ID: 13
[2026-03-08 16:14:01] [INFO] >>> Update result: SUCCESS
[2026-03-08 16:14:01] [DEBUG] Saving vital signs: Array
(
    [visit_id] => 13
    [patient_id] => 1
    [temperature] => 45
    [blood_pressure_systolic] => 92
    [blood_pressure_diastolic] => 67
    [pulse_rate] => 178
    [respiratory_rate] => 16
    [weight] => 232
    [height] => 160
    [oxygen_saturation] => 96
    [bmi] => 90.6
    [notes] => 
)

[2026-03-08 16:14:01] [INFO] Vital signs saved successfully, ID: 13
[2026-03-08 16:14:01] [DEBUG] Processing tests...
[2026-03-08 16:14:01] [INFO] Saving 3 new tests
[2026-03-08 16:14:01] [INFO] New tests saved successfully
[2026-03-08 16:14:01] [DEBUG] Processing medicines...
[2026-03-08 16:14:01] [DEBUG] Retrieved visitId from URL: 13
[2026-03-08 16:14:01] [DEBUG] Loading existing vital signs for visit ID: 13
[2026-03-08 16:14:01] [INFO] Found existing vital signs: Array
(
    [vital_id] => 13
    [visit_id] => 13
    [patient_id] => 1
    [temperature] => 45.0
    [blood_pressure_systolic] => 92
    [blood_pressure_diastolic] => 67
    [pulse_rate] => 178
    [respiratory_rate] => 16
    [weight] => 232.00
    [height] => 160.00
    [bmi] => 90.6
    [oxygen_saturation] => 96
    [notes] => 
    [recorded_at] => 2026-03-08 16:09:27
)

[2026-03-08 16:14:01] [INFO] Loaded visit data - Symptoms: Suranga Sampath
[2026-03-08 16:14:01] [INFO] Found 3 existing tests
[2026-03-08 16:14:32] [DEBUG] Retrieved visitId from SESSION: 13
[2026-03-08 16:14:32] [DEBUG] Loading existing vital signs for visit ID: 13
[2026-03-08 16:14:32] [INFO] Found existing vital signs: Array
(
    [vital_id] => 13
    [visit_id] => 13
    [patient_id] => 1
    [temperature] => 45.0
    [blood_pressure_systolic] => 92
    [blood_pressure_diastolic] => 67
    [pulse_rate] => 178
    [respiratory_rate] => 16
    [weight] => 232.00
    [height] => 160.00
    [bmi] => 90.6
    [oxygen_saturation] => 96
    [notes] => 
    [recorded_at] => 2026-03-08 16:09:27
)

[2026-03-08 16:14:32] [INFO] Loaded visit data - Symptoms: Suranga Sampath
[2026-03-08 16:14:32] [INFO] Found 3 existing tests
[2026-03-08 16:14:39] [DEBUG] Retrieved visitId from SESSION: 13
[2026-03-08 16:14:39] [DEBUG] Loading existing vital signs for visit ID: 13
[2026-03-08 16:14:39] [INFO] Found existing vital signs: Array
(
    [vital_id] => 13
    [visit_id] => 13
    [patient_id] => 1
    [temperature] => 45.0
    [blood_pressure_systolic] => 92
    [blood_pressure_diastolic] => 67
    [pulse_rate] => 178
    [respiratory_rate] => 16
    [weight] => 232.00
    [height] => 160.00
    [bmi] => 90.6
    [oxygen_saturation] => 96
    [notes] => 
    [recorded_at] => 2026-03-08 16:09:27
)

[2026-03-08 16:14:39] [INFO] Loaded visit data - Symptoms: Suranga Sampath
[2026-03-08 16:14:39] [INFO] Found 3 existing tests
[2026-03-08 16:14:56] [DEBUG] Retrieved visitId from SESSION: 13
[2026-03-08 16:14:56] [DEBUG] Loading existing vital signs for visit ID: 13
[2026-03-08 16:14:56] [INFO] Found existing vital signs: Array
(
    [vital_id] => 13
    [visit_id] => 13
    [patient_id] => 1
    [temperature] => 45.0
    [blood_pressure_systolic] => 92
    [blood_pressure_diastolic] => 67
    [pulse_rate] => 178
    [respiratory_rate] => 16
    [weight] => 232.00
    [height] => 160.00
    [bmi] => 90.6
    [oxygen_saturation] => 96
    [notes] => 
    [recorded_at] => 2026-03-08 16:09:27
)

[2026-03-08 16:14:56] [INFO] Loaded visit data - Symptoms: Suranga Sampath
[2026-03-08 16:14:56] [INFO] Found 3 existing tests
[2026-03-08 16:14:57] [DEBUG] Retrieved visitId from SESSION: 13
[2026-03-08 16:14:57] [DEBUG] Loading existing vital signs for visit ID: 13
[2026-03-08 16:14:57] [INFO] Found existing vital signs: Array
(
    [vital_id] => 13
    [visit_id] => 13
    [patient_id] => 1
    [temperature] => 45.0
    [blood_pressure_systolic] => 92
    [blood_pressure_diastolic] => 67
    [pulse_rate] => 178
    [respiratory_rate] => 16
    [weight] => 232.00
    [height] => 160.00
    [bmi] => 90.6
    [oxygen_saturation] => 96
    [notes] => 
    [recorded_at] => 2026-03-08 16:09:27
)

[2026-03-08 16:14:57] [INFO] Loaded visit data - Symptoms: Suranga Sampath
[2026-03-08 16:14:57] [INFO] Found 3 existing tests
[2026-03-08 16:15:10] [DEBUG] Retrieved visitId from SESSION: 13
[2026-03-08 16:15:10] [DEBUG] Loading existing vital signs for visit ID: 13
[2026-03-08 16:15:10] [INFO] Found existing vital signs: Array
(
    [vital_id] => 13
    [visit_id] => 13
    [patient_id] => 1
    [temperature] => 45.0
    [blood_pressure_systolic] => 92
    [blood_pressure_diastolic] => 67
    [pulse_rate] => 178
    [respiratory_rate] => 16
    [weight] => 232.00
    [height] => 160.00
    [bmi] => 90.6
    [oxygen_saturation] => 96
    [notes] => 
    [recorded_at] => 2026-03-08 16:09:27
)

[2026-03-08 16:15:10] [INFO] Loaded visit data - Symptoms: Suranga Sampath
[2026-03-08 16:15:10] [INFO] Found 3 existing tests
[2026-03-08 16:15:19] [DEBUG] Retrieved visitId from SESSION: 13
[2026-03-08 16:15:19] [DEBUG] Loading existing vital signs for visit ID: 13
[2026-03-08 16:15:19] [INFO] Found existing vital signs: Array
(
    [vital_id] => 13
    [visit_id] => 13
    [patient_id] => 1
    [temperature] => 45.0
    [blood_pressure_systolic] => 92
    [blood_pressure_diastolic] => 67
    [pulse_rate] => 178
    [respiratory_rate] => 16
    [weight] => 232.00
    [height] => 160.00
    [bmi] => 90.6
    [oxygen_saturation] => 96
    [notes] => 
    [recorded_at] => 2026-03-08 16:09:27
)

[2026-03-08 16:15:19] [INFO] Loaded visit data - Symptoms: Suranga Sampath
[2026-03-08 16:15:19] [INFO] Found 3 existing tests
[2026-03-08 16:15:48] [DEBUG] Retrieved visitId from SESSION: 13
[2026-03-08 16:15:48] [DEBUG] Loading existing vital signs for visit ID: 13
[2026-03-08 16:15:48] [INFO] Found existing vital signs: Array
(
    [vital_id] => 13
    [visit_id] => 13
    [patient_id] => 1
    [temperature] => 45.0
    [blood_pressure_systolic] => 92
    [blood_pressure_diastolic] => 67
    [pulse_rate] => 178
    [respiratory_rate] => 16
    [weight] => 232.00
    [height] => 160.00
    [bmi] => 90.6
    [oxygen_saturation] => 96
    [notes] => 
    [recorded_at] => 2026-03-08 16:09:27
)

[2026-03-08 16:15:48] [INFO] Loaded visit data - Symptoms: Suranga Sampath
[2026-03-08 16:15:48] [INFO] Found 3 existing tests
[2026-03-08 16:17:23] [DEBUG] Retrieved visitId from SESSION: 13
[2026-03-08 16:17:23] [DEBUG] Loading existing vital signs for visit ID: 13
[2026-03-08 16:17:23] [INFO] Found existing vital signs: Array
(
    [vital_id] => 13
    [visit_id] => 13
    [patient_id] => 1
    [temperature] => 45.0
    [blood_pressure_systolic] => 92
    [blood_pressure_diastolic] => 67
    [pulse_rate] => 178
    [respiratory_rate] => 16
    [weight] => 232.00
    [height] => 160.00
    [bmi] => 90.6
    [oxygen_saturation] => 96
    [notes] => 
    [recorded_at] => 2026-03-08 16:09:27
)

[2026-03-08 16:17:23] [INFO] Loaded visit data - Symptoms: Suranga Sampath
[2026-03-08 16:17:23] [INFO] Found 3 existing tests
[2026-03-08 16:18:55] [DEBUG] Retrieved visitId from SESSION: 13
[2026-03-08 16:18:55] [DEBUG] Loading existing vital signs for visit ID: 13
[2026-03-08 16:18:55] [INFO] Found existing vital signs: Array
(
    [vital_id] => 13
    [visit_id] => 13
    [patient_id] => 1
    [temperature] => 45.0
    [blood_pressure_systolic] => 92
    [blood_pressure_diastolic] => 67
    [pulse_rate] => 178
    [respiratory_rate] => 16
    [weight] => 232.00
    [height] => 160.00
    [bmi] => 90.6
    [oxygen_saturation] => 96
    [notes] => 
    [recorded_at] => 2026-03-08 16:09:27
)

[2026-03-08 16:18:55] [INFO] Loaded visit data - Symptoms: Suranga Sampath
[2026-03-08 16:18:55] [INFO] Found 3 existing tests
[2026-03-08 16:20:19] [DEBUG] Retrieved visitId from SESSION: 13
[2026-03-08 16:20:19] [DEBUG] Loading existing vital signs for visit ID: 13
[2026-03-08 16:20:19] [INFO] Found existing vital signs: Array
(
    [vital_id] => 13
    [visit_id] => 13
    [patient_id] => 1
    [temperature] => 45.0
    [blood_pressure_systolic] => 92
    [blood_pressure_diastolic] => 67
    [pulse_rate] => 178
    [respiratory_rate] => 16
    [weight] => 232.00
    [height] => 160.00
    [bmi] => 90.6
    [oxygen_saturation] => 96
    [notes] => 
    [recorded_at] => 2026-03-08 16:09:27
)

[2026-03-08 16:20:19] [INFO] Loaded visit data - Symptoms: Suranga Sampath
[2026-03-08 16:20:19] [INFO] Found 3 existing tests
[2026-03-08 16:20:26] [DEBUG] Retrieved visitId from SESSION: 13
[2026-03-08 16:20:26] [DEBUG] Loading existing vital signs for visit ID: 13
[2026-03-08 16:20:26] [INFO] Found existing vital signs: Array
(
    [vital_id] => 13
    [visit_id] => 13
    [patient_id] => 1
    [temperature] => 45.0
    [blood_pressure_systolic] => 92
    [blood_pressure_diastolic] => 67
    [pulse_rate] => 178
    [respiratory_rate] => 16
    [weight] => 232.00
    [height] => 160.00
    [bmi] => 90.6
    [oxygen_saturation] => 96
    [notes] => 
    [recorded_at] => 2026-03-08 16:09:27
)

[2026-03-08 16:20:26] [INFO] Loaded visit data - Symptoms: Suranga Sampath
[2026-03-08 16:20:26] [INFO] Found 3 existing tests
[2026-03-08 16:20:31] [DEBUG] Retrieved visitId from SESSION: 13
[2026-03-08 16:20:31] [DEBUG] Loading existing vital signs for visit ID: 13
[2026-03-08 16:20:31] [INFO] Found existing vital signs: Array
(
    [vital_id] => 13
    [visit_id] => 13
    [patient_id] => 1
    [temperature] => 45.0
    [blood_pressure_systolic] => 92
    [blood_pressure_diastolic] => 67
    [pulse_rate] => 178
    [respiratory_rate] => 16
    [weight] => 232.00
    [height] => 160.00
    [bmi] => 90.6
    [oxygen_saturation] => 96
    [notes] => 
    [recorded_at] => 2026-03-08 16:09:27
)

[2026-03-08 16:20:31] [INFO] Loaded visit data - Symptoms: Suranga Sampath
[2026-03-08 16:20:31] [INFO] Found 3 existing tests
[2026-03-08 16:20:51] [DEBUG] Retrieved visitId from POST: 13
[2026-03-08 16:20:51] [DEBUG] === VISIT SAVE DEBUG ===
[2026-03-08 16:20:51] [DEBUG] POST visit_id: 13
[2026-03-08 16:20:51] [DEBUG] SESSION visit_id: 13
[2026-03-08 16:20:51] [DEBUG] POST action: save
[2026-03-08 16:20:51] [INFO] >>> UPDATING existing visit ID: 13
[2026-03-08 16:20:51] [INFO] >>> Update result: SUCCESS
[2026-03-08 16:20:51] [DEBUG] Saving vital signs: Array
(
    [visit_id] => 13
    [patient_id] => 1
    [temperature] => 45
    [blood_pressure_systolic] => 92
    [blood_pressure_diastolic] => 67
    [pulse_rate] => 178
    [respiratory_rate] => 16
    [weight] => 232
    [height] => 160
    [oxygen_saturation] => 96
    [bmi] => 90.6
    [notes] => 
)

[2026-03-08 16:20:51] [INFO] Vital signs saved successfully, ID: 13
[2026-03-08 16:20:51] [DEBUG] Processing tests...
[2026-03-08 16:20:51] [DEBUG] Updating existing test ID 9
[2026-03-08 16:20:56] [DEBUG] Retrieved visitId from SESSION: 13
[2026-03-08 16:20:56] [DEBUG] Loading existing vital signs for visit ID: 13
[2026-03-08 16:20:56] [INFO] Found existing vital signs: Array
(
    [vital_id] => 13
    [visit_id] => 13
    [patient_id] => 1
    [temperature] => 45.0
    [blood_pressure_systolic] => 92
    [blood_pressure_diastolic] => 67
    [pulse_rate] => 178
    [respiratory_rate] => 16
    [weight] => 232.00
    [height] => 160.00
    [bmi] => 90.6
    [oxygen_saturation] => 96
    [notes] => 
    [recorded_at] => 2026-03-08 16:09:27
)

[2026-03-08 16:20:56] [INFO] Loaded visit data - Symptoms: Suranga Sampath
[2026-03-08 16:20:56] [INFO] Found 3 existing tests
[2026-03-08 16:20:58] [DEBUG] Retrieved visitId from SESSION: 13
[2026-03-08 16:20:58] [DEBUG] Loading existing vital signs for visit ID: 13
[2026-03-08 16:20:58] [INFO] Found existing vital signs: Array
(
    [vital_id] => 13
    [visit_id] => 13
    [patient_id] => 1
    [temperature] => 45.0
    [blood_pressure_systolic] => 92
    [blood_pressure_diastolic] => 67
    [pulse_rate] => 178
    [respiratory_rate] => 16
    [weight] => 232.00
    [height] => 160.00
    [bmi] => 90.6
    [oxygen_saturation] => 96
    [notes] => 
    [recorded_at] => 2026-03-08 16:09:27
)

[2026-03-08 16:20:58] [INFO] Loaded visit data - Symptoms: Suranga Sampath
[2026-03-08 16:20:58] [INFO] Found 3 existing tests
[2026-03-08 16:22:17] [DEBUG] Retrieved visitId from SESSION: 13
[2026-03-08 16:22:17] [DEBUG] Loading existing vital signs for visit ID: 13
[2026-03-08 16:22:17] [INFO] Found existing vital signs: Array
(
    [vital_id] => 13
    [visit_id] => 13
    [patient_id] => 1
    [temperature] => 45.0
    [blood_pressure_systolic] => 92
    [blood_pressure_diastolic] => 67
    [pulse_rate] => 178
    [respiratory_rate] => 16
    [weight] => 232.00
    [height] => 160.00
    [bmi] => 90.6
    [oxygen_saturation] => 96
    [notes] => 
    [recorded_at] => 2026-03-08 16:09:27
)

[2026-03-08 16:22:17] [INFO] Loaded visit data - Symptoms: Suranga Sampath
[2026-03-08 16:22:17] [INFO] Found 3 existing tests
[2026-03-08 16:22:47] [DEBUG] Retrieved visitId from SESSION: 13
[2026-03-08 16:22:47] [DEBUG] Loading existing vital signs for visit ID: 13
[2026-03-08 16:22:47] [INFO] Found existing vital signs: Array
(
    [vital_id] => 13
    [visit_id] => 13
    [patient_id] => 1
    [temperature] => 45.0
    [blood_pressure_systolic] => 92
    [blood_pressure_diastolic] => 67
    [pulse_rate] => 178
    [respiratory_rate] => 16
    [weight] => 232.00
    [height] => 160.00
    [bmi] => 90.6
    [oxygen_saturation] => 96
    [notes] => 
    [recorded_at] => 2026-03-08 16:09:27
)

[2026-03-08 16:22:47] [INFO] Loaded visit data - Symptoms: Suranga Sampath
[2026-03-08 16:22:47] [INFO] Found 3 existing tests
[2026-03-08 16:23:02] [DEBUG] Retrieved visitId from POST: 13
[2026-03-08 16:23:02] [DEBUG] === VISIT SAVE DEBUG ===
[2026-03-08 16:23:02] [DEBUG] POST visit_id: 13
[2026-03-08 16:23:02] [DEBUG] SESSION visit_id: 13
[2026-03-08 16:23:02] [DEBUG] POST action: save
[2026-03-08 16:23:02] [INFO] >>> UPDATING existing visit ID: 13
[2026-03-08 16:23:02] [INFO] >>> Update result: SUCCESS
[2026-03-08 16:23:02] [DEBUG] Saving vital signs: Array
(
    [visit_id] => 13
    [patient_id] => 1
    [temperature] => 45
    [blood_pressure_systolic] => 92
    [blood_pressure_diastolic] => 67
    [pulse_rate] => 178
    [respiratory_rate] => 16
    [weight] => 232
    [height] => 160
    [oxygen_saturation] => 96
    [bmi] => 90.6
    [notes] => 
)

[2026-03-08 16:23:02] [INFO] Vital signs saved successfully, ID: 13
[2026-03-08 16:23:02] [DEBUG] Processing tests...
[2026-03-08 16:23:02] [DEBUG] Updating existing test ID 9
[2026-03-08 16:23:04] [DEBUG] Retrieved visitId from SESSION: 13
[2026-03-08 16:23:04] [DEBUG] Loading existing vital signs for visit ID: 13
[2026-03-08 16:23:04] [INFO] Found existing vital signs: Array
(
    [vital_id] => 13
    [visit_id] => 13
    [patient_id] => 1
    [temperature] => 45.0
    [blood_pressure_systolic] => 92
    [blood_pressure_diastolic] => 67
    [pulse_rate] => 178
    [respiratory_rate] => 16
    [weight] => 232.00
    [height] => 160.00
    [bmi] => 90.6
    [oxygen_saturation] => 96
    [notes] => 
    [recorded_at] => 2026-03-08 16:09:27
)

[2026-03-08 16:23:04] [INFO] Loaded visit data - Symptoms: Suranga Sampath
[2026-03-08 16:23:04] [INFO] Found 3 existing tests
[2026-03-08 16:23:06] [DEBUG] Retrieved visitId from SESSION: 13
[2026-03-08 16:23:06] [DEBUG] Loading existing vital signs for visit ID: 13
[2026-03-08 16:23:06] [INFO] Found existing vital signs: Array
(
    [vital_id] => 13
    [visit_id] => 13
    [patient_id] => 1
    [temperature] => 45.0
    [blood_pressure_systolic] => 92
    [blood_pressure_diastolic] => 67
    [pulse_rate] => 178
    [respiratory_rate] => 16
    [weight] => 232.00
    [height] => 160.00
    [bmi] => 90.6
    [oxygen_saturation] => 96
    [notes] => 
    [recorded_at] => 2026-03-08 16:09:27
)

[2026-03-08 16:23:06] [INFO] Loaded visit data - Symptoms: Suranga Sampath
[2026-03-08 16:23:06] [INFO] Found 3 existing tests
[2026-03-08 16:23:11] [DEBUG] Retrieved visitId from POST: 13
[2026-03-08 16:23:11] [DEBUG] === VISIT SAVE DEBUG ===
[2026-03-08 16:23:11] [DEBUG] POST visit_id: 13
[2026-03-08 16:23:11] [DEBUG] SESSION visit_id: 13
[2026-03-08 16:23:11] [DEBUG] POST action: save
[2026-03-08 16:23:11] [INFO] >>> UPDATING existing visit ID: 13
[2026-03-08 16:23:11] [INFO] >>> Update result: SUCCESS
[2026-03-08 16:23:11] [DEBUG] Saving vital signs: Array
(
    [visit_id] => 13
    [patient_id] => 1
    [temperature] => 45
    [blood_pressure_systolic] => 92
    [blood_pressure_diastolic] => 67
    [pulse_rate] => 178
    [respiratory_rate] => 16
    [weight] => 232
    [height] => 160
    [oxygen_saturation] => 96
    [bmi] => 90.6
    [notes] => 
)

[2026-03-08 16:23:11] [INFO] Vital signs saved successfully, ID: 13
[2026-03-08 16:23:11] [DEBUG] Processing tests...
[2026-03-08 16:23:11] [DEBUG] Updating existing test ID 9
[2026-03-08 16:23:13] [DEBUG] Retrieved visitId from SESSION: 13
[2026-03-08 16:23:13] [DEBUG] Loading existing vital signs for visit ID: 13
[2026-03-08 16:23:13] [INFO] Found existing vital signs: Array
(
    [vital_id] => 13
    [visit_id] => 13
    [patient_id] => 1
    [temperature] => 45.0
    [blood_pressure_systolic] => 92
    [blood_pressure_diastolic] => 67
    [pulse_rate] => 178
    [respiratory_rate] => 16
    [weight] => 232.00
    [height] => 160.00
    [bmi] => 90.6
    [oxygen_saturation] => 96
    [notes] => 
    [recorded_at] => 2026-03-08 16:09:27
)

[2026-03-08 16:23:13] [INFO] Loaded visit data - Symptoms: Suranga Sampath
[2026-03-08 16:23:13] [INFO] Found 3 existing tests
[2026-03-08 16:23:22] [DEBUG] Retrieved visitId from POST: 13
[2026-03-08 16:23:22] [DEBUG] === VISIT SAVE DEBUG ===
[2026-03-08 16:23:22] [DEBUG] POST visit_id: 13
[2026-03-08 16:23:22] [DEBUG] SESSION visit_id: 13
[2026-03-08 16:23:22] [DEBUG] POST action: save
[2026-03-08 16:23:22] [INFO] >>> UPDATING existing visit ID: 13
[2026-03-08 16:23:22] [INFO] >>> Update result: SUCCESS
[2026-03-08 16:23:22] [DEBUG] Saving vital signs: Array
(
    [visit_id] => 13
    [patient_id] => 1
    [temperature] => 33
    [blood_pressure_systolic] => 92
    [blood_pressure_diastolic] => 67
    [pulse_rate] => 178
    [respiratory_rate] => 16
    [weight] => 232
    [height] => 160
    [oxygen_saturation] => 96
    [bmi] => 90.6
    [notes] => 
)

[2026-03-08 16:23:22] [INFO] Vital signs saved successfully, ID: 13
[2026-03-08 16:23:22] [DEBUG] Processing tests...
[2026-03-08 16:23:22] [DEBUG] Updating existing test ID 9
[2026-03-08 16:23:57] [DEBUG] Retrieved visitId from SESSION: 13
[2026-03-08 16:23:57] [DEBUG] Loading existing vital signs for visit ID: 13
[2026-03-08 16:23:57] [INFO] Found existing vital signs: Array
(
    [vital_id] => 13
    [visit_id] => 13
    [patient_id] => 1
    [temperature] => 45.0
    [blood_pressure_systolic] => 92
    [blood_pressure_diastolic] => 67
    [pulse_rate] => 178
    [respiratory_rate] => 16
    [weight] => 232.00
    [height] => 160.00
    [bmi] => 90.6
    [oxygen_saturation] => 96
    [notes] => 
    [recorded_at] => 2026-03-08 16:09:27
)

[2026-03-08 16:23:57] [INFO] Loaded visit data - Symptoms: Suranga Sampath
[2026-03-08 16:23:57] [INFO] Found 3 existing tests
[2026-03-08 16:24:54] [DEBUG] Retrieved visitId from SESSION: 13
[2026-03-08 16:24:54] [DEBUG] Loading existing vital signs for visit ID: 13
[2026-03-08 16:24:54] [INFO] Found existing vital signs: Array
(
    [vital_id] => 13
    [visit_id] => 13
    [patient_id] => 1
    [temperature] => 45.0
    [blood_pressure_systolic] => 92
    [blood_pressure_diastolic] => 67
    [pulse_rate] => 178
    [respiratory_rate] => 16
    [weight] => 232.00
    [height] => 160.00
    [bmi] => 90.6
    [oxygen_saturation] => 96
    [notes] => 
    [recorded_at] => 2026-03-08 16:09:27
)

[2026-03-08 16:24:54] [INFO] Loaded visit data - Symptoms: Suranga Sampath
[2026-03-08 16:24:54] [INFO] Found 3 existing tests
[2026-03-08 16:24:59] [DEBUG] Retrieved visitId from POST: 13
[2026-03-08 16:24:59] [DEBUG] === VISIT SAVE DEBUG ===
[2026-03-08 16:24:59] [DEBUG] POST visit_id: 13
[2026-03-08 16:24:59] [DEBUG] SESSION visit_id: 13
[2026-03-08 16:24:59] [DEBUG] POST action: save
[2026-03-08 16:24:59] [INFO] >>> UPDATING existing visit ID: 13
[2026-03-08 16:24:59] [INFO] >>> Update result: SUCCESS
[2026-03-08 16:24:59] [DEBUG] Saving vital signs: Array
(
    [visit_id] => 13
    [patient_id] => 1
    [temperature] => 45
    [blood_pressure_systolic] => 92
    [blood_pressure_diastolic] => 67
    [pulse_rate] => 178
    [respiratory_rate] => 16
    [weight] => 232
    [height] => 160
    [oxygen_saturation] => 96
    [bmi] => 90.6
    [notes] => 
)

[2026-03-08 16:24:59] [INFO] Vital signs saved successfully, ID: 13
[2026-03-08 16:24:59] [DEBUG] Processing tests...
[2026-03-08 16:24:59] [DEBUG] Updating existing test ID 9
[2026-03-08 16:24:59] [DEBUG] Updating existing test ID 10
[2026-03-08 16:24:59] [DEBUG] Updating existing test ID 11
[2026-03-08 16:24:59] [DEBUG] Processing medicines...
[2026-03-08 16:24:59] [DEBUG] Retrieved visitId from URL: 13
[2026-03-08 16:24:59] [DEBUG] Loading existing vital signs for visit ID: 13
[2026-03-08 16:24:59] [INFO] Found existing vital signs: Array
(
    [vital_id] => 13
    [visit_id] => 13
    [patient_id] => 1
    [temperature] => 45.0
    [blood_pressure_systolic] => 92
    [blood_pressure_diastolic] => 67
    [pulse_rate] => 178
    [respiratory_rate] => 16
    [weight] => 232.00
    [height] => 160.00
    [bmi] => 90.6
    [oxygen_saturation] => 96
    [notes] => 
    [recorded_at] => 2026-03-08 16:09:27
)

[2026-03-08 16:24:59] [INFO] Loaded visit data - Symptoms: Suranga Sampath
[2026-03-08 16:24:59] [INFO] Found 3 existing tests
[2026-03-08 16:25:05] [DEBUG] Retrieved visitId from URL: 13
[2026-03-08 16:25:05] [DEBUG] === VISIT SAVE DEBUG ===
[2026-03-08 16:25:05] [DEBUG] POST visit_id: 13
[2026-03-08 16:25:05] [DEBUG] SESSION visit_id: 13
[2026-03-08 16:25:05] [DEBUG] POST action: save
[2026-03-08 16:25:05] [INFO] >>> UPDATING existing visit ID: 13
[2026-03-08 16:25:05] [INFO] >>> Update result: SUCCESS
[2026-03-08 16:25:05] [DEBUG] Saving vital signs: Array
(
    [visit_id] => 13
    [patient_id] => 1
    [temperature] => 45
    [blood_pressure_systolic] => 92
    [blood_pressure_diastolic] => 67
    [pulse_rate] => 178
    [respiratory_rate] => 16
    [weight] => 232
    [height] => 160
    [oxygen_saturation] => 96
    [bmi] => 90.6
    [notes] => 
)

[2026-03-08 16:25:05] [INFO] Vital signs saved successfully, ID: 13
[2026-03-08 16:25:05] [DEBUG] Processing tests...
[2026-03-08 16:25:05] [DEBUG] Updating existing test ID 9
[2026-03-08 16:25:05] [DEBUG] Updating existing test ID 11
[2026-03-08 16:25:05] [DEBUG] Processing medicines...
[2026-03-08 16:25:05] [DEBUG] Retrieved visitId from URL: 13
[2026-03-08 16:25:05] [DEBUG] Loading existing vital signs for visit ID: 13
[2026-03-08 16:25:05] [INFO] Found existing vital signs: Array
(
    [vital_id] => 13
    [visit_id] => 13
    [patient_id] => 1
    [temperature] => 45.0
    [blood_pressure_systolic] => 92
    [blood_pressure_diastolic] => 67
    [pulse_rate] => 178
    [respiratory_rate] => 16
    [weight] => 232.00
    [height] => 160.00
    [bmi] => 90.6
    [oxygen_saturation] => 96
    [notes] => 
    [recorded_at] => 2026-03-08 16:09:27
)

[2026-03-08 16:25:05] [INFO] Loaded visit data - Symptoms: Suranga Sampath
[2026-03-08 16:25:05] [INFO] Found 3 existing tests
[2026-03-08 16:25:21] [DEBUG] Retrieved visitId from URL: 13
[2026-03-08 16:25:21] [DEBUG] === VISIT SAVE DEBUG ===
[2026-03-08 16:25:21] [DEBUG] POST visit_id: 13
[2026-03-08 16:25:21] [DEBUG] SESSION visit_id: 13
[2026-03-08 16:25:21] [DEBUG] POST action: save
[2026-03-08 16:25:21] [INFO] >>> UPDATING existing visit ID: 13
[2026-03-08 16:25:21] [INFO] >>> Update result: SUCCESS
[2026-03-08 16:25:21] [DEBUG] Saving vital signs: Array
(
    [visit_id] => 13
    [patient_id] => 1
    [temperature] => 45
    [blood_pressure_systolic] => 92
    [blood_pressure_diastolic] => 67
    [pulse_rate] => 178
    [respiratory_rate] => 16
    [weight] => 232
    [height] => 160
    [oxygen_saturation] => 96
    [bmi] => 90.6
    [notes] => 
)

[2026-03-08 16:25:21] [INFO] Vital signs saved successfully, ID: 13
[2026-03-08 16:25:21] [DEBUG] Processing tests...
[2026-03-08 16:25:21] [DEBUG] Updating existing test ID 9
[2026-03-08 16:25:21] [DEBUG] Updating existing test ID 10
[2026-03-08 16:25:21] [DEBUG] Updating existing test ID 11
[2026-03-08 16:25:21] [DEBUG] Processing medicines...
[2026-03-08 16:25:21] [DEBUG] Creating new prescription with data: Array
(
    [prescription_code] => RX202603080001
    [visit_id] => 13
    [patient_id] => 1
    [doctor_id] => 2
    [prescription_date] => 2026-03-08
    [notes] => bo
)

[2026-03-08 16:25:21] [INFO] Prescription created, ID: 1
[2026-03-08 16:25:21] [INFO] Adding 1 new medicines
[2026-03-08 16:25:21] [INFO] New medicines added successfully
[2026-03-08 16:25:21] [DEBUG] Retrieved visitId from URL: 13
[2026-03-08 16:25:21] [DEBUG] Loading existing vital signs for visit ID: 13
[2026-03-08 16:25:21] [INFO] Found existing vital signs: Array
(
    [vital_id] => 13
    [visit_id] => 13
    [patient_id] => 1
    [temperature] => 45.0
    [blood_pressure_systolic] => 92
    [blood_pressure_diastolic] => 67
    [pulse_rate] => 178
    [respiratory_rate] => 16
    [weight] => 232.00
    [height] => 160.00
    [bmi] => 90.6
    [oxygen_saturation] => 96
    [notes] => 
    [recorded_at] => 2026-03-08 16:09:27
)

[2026-03-08 16:25:21] [INFO] Loaded visit data - Symptoms: Suranga Sampath
[2026-03-08 16:25:21] [INFO] Found 3 existing tests
[2026-03-08 16:25:21] [INFO] Found existing prescription ID: 1
[2026-03-08 16:25:21] [INFO] Found 1 medicines
[2026-03-08 16:26:10] [DEBUG] Retrieved visitId from URL: 13
[2026-03-08 16:26:10] [DEBUG] === VISIT SAVE DEBUG ===
[2026-03-08 16:26:10] [DEBUG] POST visit_id: 13
[2026-03-08 16:26:10] [DEBUG] SESSION visit_id: 13
[2026-03-08 16:26:10] [DEBUG] POST action: save
[2026-03-08 16:26:10] [INFO] >>> UPDATING existing visit ID: 13
[2026-03-08 16:26:10] [INFO] >>> Update result: SUCCESS
[2026-03-08 16:26:10] [DEBUG] Saving vital signs: Array
(
    [visit_id] => 13
    [patient_id] => 1
    [temperature] => 45
    [blood_pressure_systolic] => 92
    [blood_pressure_diastolic] => 67
    [pulse_rate] => 178
    [respiratory_rate] => 16
    [weight] => 232
    [height] => 160
    [oxygen_saturation] => 96
    [bmi] => 90.6
    [notes] => 
)

[2026-03-08 16:26:10] [INFO] Vital signs saved successfully, ID: 13
[2026-03-08 16:26:10] [DEBUG] Processing tests...
[2026-03-08 16:26:10] [DEBUG] Updating existing test ID 9
[2026-03-08 16:26:10] [DEBUG] Updating existing test ID 10
[2026-03-08 16:26:10] [DEBUG] Updating existing test ID 11
[2026-03-08 16:26:10] [DEBUG] Processing medicines...
[2026-03-08 16:26:10] [DEBUG] Creating new prescription with data: Array
(
    [prescription_code] => RX202603080002
    [visit_id] => 13
    [patient_id] => 1
    [doctor_id] => 2
    [prescription_date] => 2026-03-08
    [notes] => bo
)

[2026-03-08 16:26:10] [INFO] Prescription created, ID: 2
[2026-03-08 16:26:10] [DEBUG] Updating existing medicine ID 8
[2026-03-08 16:26:10] [ERROR] Error saving prescription/medicines: SQLSTATE[42S22]: Column not found: 1054 Unknown column 'dose' in 'field list'
[2026-03-08 16:26:10] [DEBUG] Loading existing vital signs for visit ID: 13
[2026-03-08 16:26:10] [INFO] Found existing vital signs: Array
(
    [vital_id] => 13
    [visit_id] => 13
    [patient_id] => 1
    [temperature] => 45.0
    [blood_pressure_systolic] => 92
    [blood_pressure_diastolic] => 67
    [pulse_rate] => 178
    [respiratory_rate] => 16
    [weight] => 232.00
    [height] => 160.00
    [bmi] => 90.6
    [oxygen_saturation] => 96
    [notes] => 
    [recorded_at] => 2026-03-08 16:09:27
)

[2026-03-08 16:26:10] [INFO] Loaded visit data - Symptoms: Suranga Sampath
[2026-03-08 16:26:10] [INFO] Found 3 existing tests
[2026-03-08 16:26:10] [INFO] Found existing prescription ID: 1
[2026-03-08 16:26:10] [INFO] Found 1 medicines
[2026-03-08 16:26:28] [DEBUG] Retrieved visitId from URL: 13
[2026-03-08 16:26:28] [DEBUG] === VISIT SAVE DEBUG ===
[2026-03-08 16:26:28] [DEBUG] POST visit_id: 13
[2026-03-08 16:26:28] [DEBUG] SESSION visit_id: 13
[2026-03-08 16:26:28] [DEBUG] POST action: save
[2026-03-08 16:26:28] [INFO] >>> UPDATING existing visit ID: 13
[2026-03-08 16:26:28] [INFO] >>> Update result: SUCCESS
[2026-03-08 16:26:28] [DEBUG] Saving vital signs: Array
(
    [visit_id] => 13
    [patient_id] => 1
    [temperature] => 45
    [blood_pressure_systolic] => 92
    [blood_pressure_diastolic] => 67
    [pulse_rate] => 178
    [respiratory_rate] => 16
    [weight] => 232
    [height] => 160
    [oxygen_saturation] => 96
    [bmi] => 90.6
    [notes] => 
)

[2026-03-08 16:26:28] [INFO] Vital signs saved successfully, ID: 13
[2026-03-08 16:26:28] [DEBUG] Processing tests...
[2026-03-08 16:26:28] [DEBUG] Updating existing test ID 9
[2026-03-08 16:26:28] [DEBUG] Updating existing test ID 10
[2026-03-08 16:26:28] [DEBUG] Updating existing test ID 11
[2026-03-08 16:26:28] [DEBUG] Processing medicines...
[2026-03-08 16:26:28] [DEBUG] Creating new prescription with data: Array
(
    [prescription_code] => RX202603080002
    [visit_id] => 13
    [patient_id] => 1
    [doctor_id] => 2
    [prescription_date] => 2026-03-08
    [notes] => bo
)

[2026-03-08 16:26:28] [INFO] Prescription created, ID: 3
[2026-03-08 16:26:28] [DEBUG] Updating existing medicine ID 8
[2026-03-08 16:26:28] [ERROR] Error saving prescription/medicines: SQLSTATE[42S22]: Column not found: 1054 Unknown column 'dose' in 'field list'
[2026-03-08 16:26:28] [DEBUG] Loading existing vital signs for visit ID: 13
[2026-03-08 16:26:28] [INFO] Found existing vital signs: Array
(
    [vital_id] => 13
    [visit_id] => 13
    [patient_id] => 1
    [temperature] => 45.0
    [blood_pressure_systolic] => 92
    [blood_pressure_diastolic] => 67
    [pulse_rate] => 178
    [respiratory_rate] => 16
    [weight] => 232.00
    [height] => 160.00
    [bmi] => 90.6
    [oxygen_saturation] => 96
    [notes] => 
    [recorded_at] => 2026-03-08 16:09:27
)

[2026-03-08 16:26:28] [INFO] Loaded visit data - Symptoms: Suranga Sampath
[2026-03-08 16:26:28] [INFO] Found 3 existing tests
[2026-03-08 16:26:28] [INFO] Found existing prescription ID: 1
[2026-03-08 16:26:28] [INFO] Found 1 medicines
[2026-03-08 16:26:50] [DEBUG] No visitId found - checking for existing In Progress visit for patient 2
[2026-03-08 16:26:50] [INFO] Found existing In Progress visit: 14
[2026-03-08 16:26:50] [DEBUG] Loading existing vital signs for visit ID: 14
[2026-03-08 16:26:50] [INFO] Found existing vital signs: Array
(
    [vital_id] => 14
    [visit_id] => 14
    [patient_id] => 2
    [temperature] => 37.0
    [blood_pressure_systolic] => 241
    [blood_pressure_diastolic] => 41
    [pulse_rate] => 195
    [respiratory_rate] => 16
    [weight] => 438.00
    [height] => 201.00
    [bmi] => 108.4
    [oxygen_saturation] => 89
    [notes] => 
    [recorded_at] => 2026-03-08 16:09:48
)

[2026-03-08 16:26:50] [INFO] Loaded visit data - Symptoms: Sohan perera
[2026-03-08 16:26:50] [INFO] Found 0 existing tests
[2026-03-08 16:32:18] [DEBUG] Retrieved visitId from SESSION: 14
[2026-03-08 16:32:18] [DEBUG] Loading existing vital signs for visit ID: 14
[2026-03-08 16:32:18] [INFO] Found existing vital signs: Array
(
    [vital_id] => 14
    [visit_id] => 14
    [patient_id] => 2
    [temperature] => 37.0
    [blood_pressure_systolic] => 241
    [blood_pressure_diastolic] => 41
    [pulse_rate] => 195
    [respiratory_rate] => 16
    [weight] => 438.00
    [height] => 201.00
    [bmi] => 108.4
    [oxygen_saturation] => 89
    [notes] => 
    [recorded_at] => 2026-03-08 16:09:48
)

[2026-03-08 16:32:18] [INFO] Loaded visit data - Symptoms: Sohan perera
[2026-03-08 16:32:18] [INFO] Found 0 existing tests
[2026-03-08 19:23:21] [DEBUG] No visitId found - checking for existing In Progress visit for patient 1
[2026-03-08 19:23:21] [INFO] Found existing In Progress visit: 13
[2026-03-08 19:23:21] [DEBUG] Loading existing vital signs for visit ID: 13
[2026-03-08 19:23:21] [INFO] Found existing vital signs: Array
(
    [vital_id] => 13
    [visit_id] => 13
    [patient_id] => 1
    [temperature] => 45.0
    [blood_pressure_systolic] => 92
    [blood_pressure_diastolic] => 67
    [pulse_rate] => 178
    [respiratory_rate] => 16
    [weight] => 232.00
    [height] => 160.00
    [bmi] => 90.6
    [oxygen_saturation] => 96
    [notes] => 
    [recorded_at] => 2026-03-08 16:09:27
)

[2026-03-08 19:23:21] [INFO] Loaded visit data - Symptoms: Suranga Sampath
[2026-03-08 19:23:21] [INFO] Found 3 existing tests
[2026-03-08 19:23:21] [INFO] Found existing prescription ID: 1
[2026-03-08 19:23:21] [INFO] Found 1 medicines
